Unity Editor version:    2020.3.20f1 (41c4e627c95f)
Branch:                  2020.3/staging
Build type:              Release
Batch mode:              YES
macOS version:           Version 11.6 (Build 20G165)
Darwin version:          20.6.0
Architecture:            x86_64
Running under Rosetta:   NO
Available memory:        16384 MB
Using pre-set license
Pro License: NO

COMMAND LINE ARGUMENTS:
/Applications/Unity/Hub/Editor/2020.3.20f1/Unity.app/Contents/MacOS/Unity
-adb2
-batchMode
-noUpm
-name
AssetImportWorker0
-projectPath
/Users/Shared/Unity/TCD/AR_Tetris2020
-logFile
Logs/AssetImportWorker0.log
-srvPort
51557
Successfully changed project path to: /Users/Shared/Unity/TCD/AR_Tetris2020
/Users/Shared/Unity/TCD/AR_Tetris2020
Using Asset Import Pipeline V2.
Refreshing native plugins compatible for Editor in 47.99 ms, found 2 plugins.
Preloading 0 native plugins for Editor in 0.00 ms.
Initialize engine version: 2020.3.20f1 (41c4e627c95f)
[Subsystems] Discovering subsystems at path /Applications/Unity/Hub/Editor/2020.3.20f1/Unity.app/Contents/Resources/UnitySubsystems
[Subsystems] Discovering subsystems at path /Users/Shared/Unity/TCD/AR_Tetris2020/Assets
GfxDevice: creating device client; threaded=0
2022-05-11 16:58:56.932 Unity[38027:429164] Color LCD preferred device: Intel Iris Pro Graphics (low power)
2022-05-11 16:58:56.932 Unity[38027:429164] Metal devices available: 2
2022-05-11 16:58:56.932 Unity[38027:429164] 0: AMD Radeon R9 M370X (high power)
2022-05-11 16:58:56.932 Unity[38027:429164] 1: Intel Iris Pro Graphics (low power)
2022-05-11 16:58:56.933 Unity[38027:429164] Using device AMD Radeon R9 M370X (high power)
Initializing Metal device caps: AMD Radeon R9 M370X
Initialize mono
Mono path[0] = '/Applications/Unity/Hub/Editor/2020.3.20f1/Unity.app/Contents/Managed'
Mono path[1] = '/Applications/Unity/Hub/Editor/2020.3.20f1/Unity.app/Contents/MonoBleedingEdge/lib/mono/unityjit'
Mono config path = '/Applications/Unity/Hub/Editor/2020.3.20f1/Unity.app/Contents/MonoBleedingEdge/etc'
Using monoOptions --debugger-agent=transport=dt_socket,embedding=1,server=y,suspend=n,address=127.0.0.1:56027
Begin MonoManager ReloadAssembly
Registering precompiled unity dll's ...
Register platform support module: /Applications/Unity/Hub/Editor/2020.3.20f1/PlaybackEngines/WebGLSupport/UnityEditor.WebGL.Extensions.dll
Register platform support module: /Applications/Unity/Hub/Editor/2020.3.20f1/Unity.app/Contents/PlaybackEngines/MacStandaloneSupport/UnityEditor.OSXStandalone.Extensions.dll
Register platform support module: /Applications/Unity/Hub/Editor/2020.3.20f1/PlaybackEngines/WindowsStandaloneSupport/UnityEditor.WindowsStandalone.Extensions.dll
Registered in 0.003311 seconds.
Native extension for WindowsStandalone target not found
Native extension for OSXStandalone target not found
Native extension for WebGL target not found
Refreshing native plugins compatible for Editor in 37.74 ms, found 2 plugins.
Preloading 0 native plugins for Editor in 0.00 ms.
Mono: successfully reloaded assembly
- Completed reload, in  4.810 seconds
Domain Reload Profiling:
	ReloadAssembly (4811ms)
		BeginReloadAssembly (102ms)
			ExecutionOrderSort (0ms)
			DisableScriptedObjects (0ms)
			BackupInstance (0ms)
			ReleaseScriptingObjects (0ms)
			CreateAndSetChildDomain (1ms)
		EndReloadAssembly (638ms)
			LoadAssemblies (104ms)
			RebuildTransferFunctionScriptingTraits (0ms)
			SetupTypeCache (264ms)
			ReleaseScriptCaches (0ms)
			RebuildScriptCaches (45ms)
			SetupLoadedEditorAssemblies (248ms)
				LogAssemblyErrors (0ms)
				InitializePlatformSupportModulesInManaged (6ms)
				SetLoadedEditorAssemblies (0ms)
				RefreshPlugins (38ms)
				BeforeProcessingInitializeOnLoad (36ms)
				ProcessInitializeOnLoadAttributes (131ms)
				ProcessInitializeOnLoadMethodAttributes (37ms)
				AfterProcessingInitializeOnLoad (0ms)
				EditorAssembliesLoaded (0ms)
			ExecutionOrderSort2 (0ms)
			AwakeInstancesAfterBackupRestoration (0ms)
Platform modules already initialized, skipping
Registering precompiled user dll's ...
Registered in 0.004056 seconds.
Begin MonoManager ReloadAssembly
Native extension for WindowsStandalone target not found
Native extension for OSXStandalone target not found
Native extension for WebGL target not found
Refreshing native plugins compatible for Editor in 37.85 ms, found 2 plugins.
Preloading 0 native plugins for Editor in 0.00 ms.
Mono: successfully reloaded assembly
- Completed reload, in  1.612 seconds
Domain Reload Profiling:
	ReloadAssembly (1615ms)
		BeginReloadAssembly (203ms)
			ExecutionOrderSort (0ms)
			DisableScriptedObjects (6ms)
			BackupInstance (0ms)
			ReleaseScriptingObjects (0ms)
			CreateAndSetChildDomain (44ms)
		EndReloadAssembly (1329ms)
			LoadAssemblies (131ms)
			RebuildTransferFunctionScriptingTraits (0ms)
			SetupTypeCache (465ms)
			ReleaseScriptCaches (1ms)
			RebuildScriptCaches (72ms)
			SetupLoadedEditorAssemblies (486ms)
				LogAssemblyErrors (0ms)
				InitializePlatformSupportModulesInManaged (7ms)
				SetLoadedEditorAssemblies (0ms)
				RefreshPlugins (38ms)
				BeforeProcessingInitializeOnLoad (102ms)
				ProcessInitializeOnLoadAttributes (332ms)
				ProcessInitializeOnLoadMethodAttributes (5ms)
				AfterProcessingInitializeOnLoad (2ms)
				EditorAssembliesLoaded (0ms)
			ExecutionOrderSort2 (0ms)
			AwakeInstancesAfterBackupRestoration (9ms)
Platform modules already initialized, skipping
Validating Project structure ... 0.001358 seconds.
Shader import version has changed; will reimport all shaders...
Upgrading shader files ...0.001498 seconds.
Application.AssetDatabase Initial Script Refresh Start
RefreshInfo: InitialScriptRefreshV2(NoUpdateAssetOptions) scanfilter:  ... 1 filters
RefreshProfiler: Total: 0.000ms
Application.AssetDatabase Initial Script Refresh End
Application.AssetDatabase.Refresh Start
Application.AssetDatabase.Refresh End
RefreshInfo: StopAssetImportingV2(ForceSynchronousImport) scanfilter: 
RefreshProfiler: Total: 0.000ms
Launching external process: /Applications/Unity/Hub/Editor/2020.3.20f1/Unity.app/Contents/Tools/UnityShaderCompiler
Launched and connected shader compiler UnityShaderCompiler after 0.02 seconds
Initializing Unity extensions:
========================================================================
Worker process is ready to serve import requests
Refreshing native plugins compatible for Editor in 0.53 ms, found 2 plugins.
Preloading 0 native plugins for Editor in 0.00 ms.
Unloading 1836 Unused Serialized files (Serialized files now loaded: 0)
System memory in use before: 181.4 MB.
System memory in use after: 180.6 MB.

Unloading 126 unused Assets to reduce memory usage. Loaded Objects now: 2321.
Total: 4.464090 ms (FindLiveObjects: 0.298762 ms CreateObjectMapping: 0.070552 ms MarkObjects: 3.470289 ms  DeleteObjects: 0.623092 ms)

AssetImportParameters requested are different than current active one (requested -> active):
  custom:video-decoder-ogg-theora: a1e56fd34408186e4bbccfd4996cb3dc -> 
  custom:container-muxer-webm: aa71ff27fc2769a1b78a27578f13a17b -> 
  custom:container-demuxer-webm: 4f35f7cbe854078d1ac9338744f61a02 -> 
  custom:container-demuxer-ogg: 62fdf1f143b41e24485cea50d1cbac27 -> 
  custom:video-encoder-webm-vp8: eb34c28f22e8b96e1ab97ce403110664 -> 
  custom:framework-osx-AVFoundation: e770b220cccbd017edd2c1fefb359320 -> 
  custom:video-decoder-webm-vp8: 9c59270c3fd7afecdb556c50c9e8de78 -> 
  custom:audio-decoder-ogg-vorbis: bf7c407c2cedff20999df2af8eb42d56 -> 
  custom:audio-encoder-webm-vorbis: bf7c407c2cedff20999df2af8eb42d56 -> 
========================================================================
Received Import Request.
  path: Assets/Scenes/GameScene.unity
  artifactKey: Guid(bdafe28a600e244b89d487953bbce979) Importer(815301076,1909f56bfc062723c751e8b465ee728b)
Start importing Assets/Scenes/GameScene.unity using Guid(bdafe28a600e244b89d487953bbce979) Importer(815301076,1909f56bfc062723c751e8b465ee728b)  -> (artifact id: '27f3fe466b852e903558abef7045e5a7') in 0.013111 seconds 
  Import took 0.022282 seconds .

========================================================================
Received Import Request.
  Time since last request: 0.000322 seconds.
  path: Assets/Scenes/SampleScene.unity
  artifactKey: Guid(9fc0d4010bbf28b4594072e72b8655ab) Importer(815301076,1909f56bfc062723c751e8b465ee728b)
Start importing Assets/Scenes/SampleScene.unity using Guid(9fc0d4010bbf28b4594072e72b8655ab) Importer(815301076,1909f56bfc062723c751e8b465ee728b)  -> (artifact id: 'c9375df7905ae216f485ce98bd33ea0a') in 0.001985 seconds 
  Import took 0.005994 seconds .

========================================================================
Received Prepare
Registering precompiled user dll's ...
Registered in 0.001975 seconds.
Begin MonoManager ReloadAssembly
Native extension for WindowsStandalone target not found
Native extension for OSXStandalone target not found
Native extension for WebGL target not found
Refreshing native plugins compatible for Editor in 0.47 ms, found 2 plugins.
Preloading 0 native plugins for Editor in 0.00 ms.
Mono: successfully reloaded assembly
- Completed reload, in  1.517 seconds
Domain Reload Profiling:
	ReloadAssembly (1517ms)
		BeginReloadAssembly (164ms)
			ExecutionOrderSort (0ms)
			DisableScriptedObjects (6ms)
			BackupInstance (0ms)
			ReleaseScriptingObjects (0ms)
			CreateAndSetChildDomain (85ms)
		EndReloadAssembly (1255ms)
			LoadAssemblies (99ms)
			RebuildTransferFunctionScriptingTraits (0ms)
			SetupTypeCache (449ms)
			ReleaseScriptCaches (1ms)
			RebuildScriptCaches (76ms)
			SetupLoadedEditorAssemblies (453ms)
				LogAssemblyErrors (0ms)
				InitializePlatformSupportModulesInManaged (8ms)
				SetLoadedEditorAssemblies (1ms)
				RefreshPlugins (1ms)
				BeforeProcessingInitializeOnLoad (167ms)
				ProcessInitializeOnLoadAttributes (271ms)
				ProcessInitializeOnLoadMethodAttributes (5ms)
				AfterProcessingInitializeOnLoad (2ms)
				EditorAssembliesLoaded (0ms)
			ExecutionOrderSort2 (0ms)
			AwakeInstancesAfterBackupRestoration (12ms)
Platform modules already initialized, skipping
Switching build target platform(2) subTarget(0) extendedPlatform(0) -> platform(9) subTarget(16777218) extendedPlatform(0)
Refreshing native plugins compatible for Editor in 0.46 ms, found 2 plugins.
Preloading 0 native plugins for Editor in 0.00 ms.
Unloading 1822 Unused Serialized files (Serialized files now loaded: 0)
System memory in use before: 178.8 MB.
System memory in use after: 178.9 MB.

Unloading 14 unused Assets to reduce memory usage. Loaded Objects now: 2325.
Total: 3.980895 ms (FindLiveObjects: 0.204282 ms CreateObjectMapping: 0.065594 ms MarkObjects: 3.664778 ms  DeleteObjects: 0.045087 ms)

AssetImportParameters requested are different than current active one (requested -> active):
  custom:video-decoder-ogg-theora: a1e56fd34408186e4bbccfd4996cb3dc -> 
  custom:container-muxer-webm: aa71ff27fc2769a1b78a27578f13a17b -> 
  custom:container-demuxer-webm: 4f35f7cbe854078d1ac9338744f61a02 -> 
  custom:container-demuxer-ogg: 62fdf1f143b41e24485cea50d1cbac27 -> 
  custom:video-encoder-webm-vp8: eb34c28f22e8b96e1ab97ce403110664 -> 
  custom:framework-osx-AVFoundation: e770b220cccbd017edd2c1fefb359320 -> 
  custom:video-decoder-webm-vp8: 9c59270c3fd7afecdb556c50c9e8de78 -> 
  custom:graphics/normal-map-encoding: 01000000000000000000000000000000 -> 02000000000000000000000000000000
  custom:audio-decoder-ogg-vorbis: bf7c407c2cedff20999df2af8eb42d56 -> 
  custom:audio-encoder-webm-vorbis: bf7c407c2cedff20999df2af8eb42d56 -> 
========================================================================
Received Import Request.
  Time since last request: 9944.705273 seconds.
  path: Assets/XR/XRGeneralSettings.asset
  artifactKey: Guid(3bbb430b5874845a8ae95d9843db52c3) Importer(815301076,1909f56bfc062723c751e8b465ee728b)
Start importing Assets/XR/XRGeneralSettings.asset using Guid(3bbb430b5874845a8ae95d9843db52c3) Importer(815301076,1909f56bfc062723c751e8b465ee728b)  -> (artifact id: '224c7ef3af10c3f09ecff5ce3ad0817f') in 1.294858 seconds 
  Import took 1.302328 seconds .

========================================================================
Received Import Request.
  Time since last request: 2951.006459 seconds.
  path: Assets/Scripts/addShadow.cs
  artifactKey: Guid(5d9dfcc66b1db4d318cf600a139338fe) Importer(815301076,1909f56bfc062723c751e8b465ee728b)
Start importing Assets/Scripts/addShadow.cs using Guid(5d9dfcc66b1db4d318cf600a139338fe) Importer(815301076,1909f56bfc062723c751e8b465ee728b)  -> (artifact id: '57392ec41327c9d528677e032d629595') in 0.368015 seconds 
  Import took 0.374552 seconds .

========================================================================
Received Import Request.
  Time since last request: 14.209762 seconds.
  path: Assets/Scripts/Blocks.cs
  artifactKey: Guid(55919b79b1934452db3bca86c3815591) Importer(815301076,1909f56bfc062723c751e8b465ee728b)
Start importing Assets/Scripts/Blocks.cs using Guid(55919b79b1934452db3bca86c3815591) Importer(815301076,1909f56bfc062723c751e8b465ee728b)  -> (artifact id: 'c5aae52ba26eb40af84830ce7c504e94') in 0.006175 seconds 
  Import took 0.010833 seconds .

========================================================================
Received Import Request.
  Time since last request: 425.916426 seconds.
  path: Assets/Scripts/PlayGrid.cs
  artifactKey: Guid(90e2465ff09bb49e0b25a2504828dac0) Importer(815301076,1909f56bfc062723c751e8b465ee728b)
Start importing Assets/Scripts/PlayGrid.cs using Guid(90e2465ff09bb49e0b25a2504828dac0) Importer(815301076,1909f56bfc062723c751e8b465ee728b)  -> (artifact id: 'e7b2f350b37af958b51f36b3a9948c94') in 0.004918 seconds 
  Import took 0.009907 seconds .

========================================================================
Received Import Request.
  Time since last request: 5.579063 seconds.
  path: Assets/Scripts/Shadow.cs
  artifactKey: Guid(d7c9102ce7f104146abe408a8bed877e) Importer(815301076,1909f56bfc062723c751e8b465ee728b)
Start importing Assets/Scripts/Shadow.cs using Guid(d7c9102ce7f104146abe408a8bed877e) Importer(815301076,1909f56bfc062723c751e8b465ee728b)  -> (artifact id: 'b8993c7bcab2636648d47010f97ac6db') in 0.005683 seconds 
  Import took 0.010634 seconds .

========================================================================
Received Import Request.
  Time since last request: 144.514966 seconds.
  path: Assets/Scripts/GameManager.cs
  artifactKey: Guid(527bee9a59e5949eea9707da8e169ae1) Importer(815301076,1909f56bfc062723c751e8b465ee728b)
Start importing Assets/Scripts/GameManager.cs using Guid(527bee9a59e5949eea9707da8e169ae1) Importer(815301076,1909f56bfc062723c751e8b465ee728b)  -> (artifact id: 'e08b4fc4001ff29799d7750564c55be6') in 0.004724 seconds 
  Import took 0.009167 seconds .

========================================================================
Received Prepare
Registering precompiled user dll's ...
Registered in 0.001295 seconds.
Begin MonoManager ReloadAssembly
Native extension for WindowsStandalone target not found
Native extension for OSXStandalone target not found
Native extension for WebGL target not found
Refreshing native plugins compatible for Editor in 0.50 ms, found 2 plugins.
Preloading 0 native plugins for Editor in 0.00 ms.
Mono: successfully reloaded assembly
- Completed reload, in  1.492 seconds
Domain Reload Profiling:
	ReloadAssembly (1492ms)
		BeginReloadAssembly (161ms)
			ExecutionOrderSort (0ms)
			DisableScriptedObjects (6ms)
			BackupInstance (0ms)
			ReleaseScriptingObjects (0ms)
			CreateAndSetChildDomain (90ms)
		EndReloadAssembly (1246ms)
			LoadAssemblies (95ms)
			RebuildTransferFunctionScriptingTraits (0ms)
			SetupTypeCache (422ms)
			ReleaseScriptCaches (1ms)
			RebuildScriptCaches (74ms)
			SetupLoadedEditorAssemblies (476ms)
				LogAssemblyErrors (0ms)
				InitializePlatformSupportModulesInManaged (17ms)
				SetLoadedEditorAssemblies (1ms)
				RefreshPlugins (1ms)
				BeforeProcessingInitializeOnLoad (173ms)
				ProcessInitializeOnLoadAttributes (279ms)
				ProcessInitializeOnLoadMethodAttributes (4ms)
				AfterProcessingInitializeOnLoad (2ms)
				EditorAssembliesLoaded (0ms)
			ExecutionOrderSort2 (0ms)
			AwakeInstancesAfterBackupRestoration (9ms)
Platform modules already initialized, skipping
Switching build target platform(2) subTarget(0) extendedPlatform(0) -> platform(9) subTarget(16777218) extendedPlatform(0)
Refreshing native plugins compatible for Editor in 0.51 ms, found 2 plugins.
Preloading 0 native plugins for Editor in 0.00 ms.
Unloading 1823 Unused Serialized files (Serialized files now loaded: 0)
System memory in use before: 188.0 MB.
System memory in use after: 188.1 MB.

Unloading 22 unused Assets to reduce memory usage. Loaded Objects now: 2328.
Total: 3.551541 ms (FindLiveObjects: 0.210441 ms CreateObjectMapping: 0.070881 ms MarkObjects: 3.017634 ms  DeleteObjects: 0.251723 ms)

AssetImportParameters requested are different than current active one (requested -> active):
  custom:video-decoder-ogg-theora: a1e56fd34408186e4bbccfd4996cb3dc -> 
  custom:container-muxer-webm: aa71ff27fc2769a1b78a27578f13a17b -> 
  custom:container-demuxer-webm: 4f35f7cbe854078d1ac9338744f61a02 -> 
  custom:container-demuxer-ogg: 62fdf1f143b41e24485cea50d1cbac27 -> 
  custom:video-encoder-webm-vp8: eb34c28f22e8b96e1ab97ce403110664 -> 
  custom:framework-osx-AVFoundation: e770b220cccbd017edd2c1fefb359320 -> 
  custom:video-decoder-webm-vp8: 9c59270c3fd7afecdb556c50c9e8de78 -> 
  custom:graphics/normal-map-encoding: 01000000000000000000000000000000 -> 02000000000000000000000000000000
  custom:audio-decoder-ogg-vorbis: bf7c407c2cedff20999df2af8eb42d56 -> 
  custom:audio-encoder-webm-vorbis: bf7c407c2cedff20999df2af8eb42d56 -> 
========================================================================
Received Prepare
Refreshing native plugins compatible for Editor in 5.65 ms, found 2 plugins.
Preloading 0 native plugins for Editor in 0.00 ms.
Unloading 11 Unused Serialized files (Serialized files now loaded: 0)
System memory in use before: 152.2 MB.
System memory in use after: 152.3 MB.

Unloading 10 unused Assets to reduce memory usage. Loaded Objects now: 2328.
Total: 21.878303 ms (FindLiveObjects: 1.094560 ms CreateObjectMapping: 0.176799 ms MarkObjects: 20.501950 ms  DeleteObjects: 0.103842 ms)

AssetImportParameters requested are different than current active one (requested -> active):
  custom:video-decoder-ogg-theora: a1e56fd34408186e4bbccfd4996cb3dc -> 
  custom:container-muxer-webm: aa71ff27fc2769a1b78a27578f13a17b -> 
  custom:container-demuxer-webm: 4f35f7cbe854078d1ac9338744f61a02 -> 
  custom:container-demuxer-ogg: 62fdf1f143b41e24485cea50d1cbac27 -> 
  custom:video-encoder-webm-vp8: eb34c28f22e8b96e1ab97ce403110664 -> 
  custom:framework-osx-AVFoundation: e770b220cccbd017edd2c1fefb359320 -> 
  custom:video-decoder-webm-vp8: 9c59270c3fd7afecdb556c50c9e8de78 -> 
  custom:audio-decoder-ogg-vorbis: bf7c407c2cedff20999df2af8eb42d56 -> 
  custom:audio-encoder-webm-vorbis: bf7c407c2cedff20999df2af8eb42d56 -> 
========================================================================
Received Prepare
Refreshing native plugins compatible for Editor in 1.90 ms, found 2 plugins.
Preloading 0 native plugins for Editor in 0.00 ms.
Unloading 11 Unused Serialized files (Serialized files now loaded: 0)
System memory in use before: 152.2 MB.
System memory in use after: 152.3 MB.

Unloading 10 unused Assets to reduce memory usage. Loaded Objects now: 2328.
Total: 3.831104 ms (FindLiveObjects: 0.282235 ms CreateObjectMapping: 0.062922 ms MarkObjects: 3.451736 ms  DeleteObjects: 0.033522 ms)

AssetImportParameters requested are different than current active one (requested -> active):
  custom:video-decoder-ogg-theora: a1e56fd34408186e4bbccfd4996cb3dc -> 
  custom:container-muxer-webm: aa71ff27fc2769a1b78a27578f13a17b -> 
  custom:container-demuxer-webm: 4f35f7cbe854078d1ac9338744f61a02 -> 
  custom:container-demuxer-ogg: 62fdf1f143b41e24485cea50d1cbac27 -> 
  custom:video-encoder-webm-vp8: eb34c28f22e8b96e1ab97ce403110664 -> 
  custom:framework-osx-AVFoundation: e770b220cccbd017edd2c1fefb359320 -> 
  custom:video-decoder-webm-vp8: 9c59270c3fd7afecdb556c50c9e8de78 -> 
  custom:audio-decoder-ogg-vorbis: bf7c407c2cedff20999df2af8eb42d56 -> 
  custom:audio-encoder-webm-vorbis: bf7c407c2cedff20999df2af8eb42d56 -> 
========================================================================
Received Prepare
Registering precompiled user dll's ...
Registered in 0.001328 seconds.
Begin MonoManager ReloadAssembly
Native extension for WindowsStandalone target not found
Native extension for OSXStandalone target not found
Native extension for WebGL target not found
Refreshing native plugins compatible for Editor in 0.46 ms, found 2 plugins.
Preloading 0 native plugins for Editor in 0.00 ms.
Mono: successfully reloaded assembly
- Completed reload, in  1.580 seconds
Domain Reload Profiling:
	ReloadAssembly (1580ms)
		BeginReloadAssembly (194ms)
			ExecutionOrderSort (0ms)
			DisableScriptedObjects (8ms)
			BackupInstance (0ms)
			ReleaseScriptingObjects (0ms)
			CreateAndSetChildDomain (112ms)
		EndReloadAssembly (1294ms)
			LoadAssemblies (100ms)
			RebuildTransferFunctionScriptingTraits (0ms)
			SetupTypeCache (454ms)
			ReleaseScriptCaches (1ms)
			RebuildScriptCaches (72ms)
			SetupLoadedEditorAssemblies (465ms)
				LogAssemblyErrors (0ms)
				InitializePlatformSupportModulesInManaged (9ms)
				SetLoadedEditorAssemblies (1ms)
				RefreshPlugins (1ms)
				BeforeProcessingInitializeOnLoad (169ms)
				ProcessInitializeOnLoadAttributes (280ms)
				ProcessInitializeOnLoadMethodAttributes (4ms)
				AfterProcessingInitializeOnLoad (2ms)
				EditorAssembliesLoaded (0ms)
			ExecutionOrderSort2 (0ms)
			AwakeInstancesAfterBackupRestoration (13ms)
Platform modules already initialized, skipping
Switching build target platform(2) subTarget(0) extendedPlatform(0) -> platform(9) subTarget(16777218) extendedPlatform(0)
Refreshing native plugins compatible for Editor in 0.48 ms, found 2 plugins.
Preloading 0 native plugins for Editor in 0.00 ms.
Unloading 1822 Unused Serialized files (Serialized files now loaded: 0)
System memory in use before: 188.3 MB.
System memory in use after: 188.4 MB.

Unloading 13 unused Assets to reduce memory usage. Loaded Objects now: 2331.
Total: 3.563158 ms (FindLiveObjects: 0.265905 ms CreateObjectMapping: 0.065080 ms MarkObjects: 3.194009 ms  DeleteObjects: 0.037267 ms)

AssetImportParameters requested are different than current active one (requested -> active):
  custom:video-decoder-ogg-theora: a1e56fd34408186e4bbccfd4996cb3dc -> 
  custom:container-muxer-webm: aa71ff27fc2769a1b78a27578f13a17b -> 
  custom:container-demuxer-webm: 4f35f7cbe854078d1ac9338744f61a02 -> 
  custom:container-demuxer-ogg: 62fdf1f143b41e24485cea50d1cbac27 -> 
  custom:video-encoder-webm-vp8: eb34c28f22e8b96e1ab97ce403110664 -> 
  custom:framework-osx-AVFoundation: e770b220cccbd017edd2c1fefb359320 -> 
  custom:video-decoder-webm-vp8: 9c59270c3fd7afecdb556c50c9e8de78 -> 
  custom:graphics/normal-map-encoding: 01000000000000000000000000000000 -> 02000000000000000000000000000000
  custom:audio-decoder-ogg-vorbis: bf7c407c2cedff20999df2af8eb42d56 -> 
  custom:audio-encoder-webm-vorbis: bf7c407c2cedff20999df2af8eb42d56 -> 
========================================================================
Received Import Request.
  Time since last request: 7785.277295 seconds.
  path: Assets/Prefabs/FullGame 1.prefab
  artifactKey: Guid(5b5e448b093404386bd26ff2b4ac5221) Importer(815301076,1909f56bfc062723c751e8b465ee728b)
Start importing Assets/Prefabs/FullGame 1.prefab using Guid(5b5e448b093404386bd26ff2b4ac5221) Importer(815301076,1909f56bfc062723c751e8b465ee728b)  -> (artifact id: '73713c4aa10f8aa15ee6c04dac184a8c') in 0.767057 seconds 
  Import took 0.775454 seconds .

========================================================================
Received Prepare
Registering precompiled user dll's ...
Registered in 0.001353 seconds.
Begin MonoManager ReloadAssembly
Native extension for WindowsStandalone target not found
Native extension for OSXStandalone target not found
Native extension for WebGL target not found
Refreshing native plugins compatible for Editor in 0.44 ms, found 2 plugins.
Preloading 0 native plugins for Editor in 0.00 ms.
Mono: successfully reloaded assembly
- Completed reload, in  1.426 seconds
Domain Reload Profiling:
	ReloadAssembly (1426ms)
		BeginReloadAssembly (156ms)
			ExecutionOrderSort (0ms)
			DisableScriptedObjects (7ms)
			BackupInstance (0ms)
			ReleaseScriptingObjects (0ms)
			CreateAndSetChildDomain (80ms)
		EndReloadAssembly (1183ms)
			LoadAssemblies (91ms)
			RebuildTransferFunctionScriptingTraits (0ms)
			SetupTypeCache (416ms)
			ReleaseScriptCaches (2ms)
			RebuildScriptCaches (70ms)
			SetupLoadedEditorAssemblies (439ms)
				LogAssemblyErrors (0ms)
				InitializePlatformSupportModulesInManaged (7ms)
				SetLoadedEditorAssemblies (1ms)
				RefreshPlugins (0ms)
				BeforeProcessingInitializeOnLoad (158ms)
				ProcessInitializeOnLoadAttributes (267ms)
				ProcessInitializeOnLoadMethodAttributes (4ms)
				AfterProcessingInitializeOnLoad (2ms)
				EditorAssembliesLoaded (0ms)
			ExecutionOrderSort2 (0ms)
			AwakeInstancesAfterBackupRestoration (12ms)
Platform modules already initialized, skipping
Switching build target platform(2) subTarget(0) extendedPlatform(0) -> platform(9) subTarget(16777218) extendedPlatform(0)
Refreshing native plugins compatible for Editor in 0.45 ms, found 2 plugins.
Preloading 0 native plugins for Editor in 0.00 ms.
Unloading 1822 Unused Serialized files (Serialized files now loaded: 0)
System memory in use before: 193.2 MB.
System memory in use after: 193.3 MB.

Unloading 15 unused Assets to reduce memory usage. Loaded Objects now: 2344.
Total: 3.707625 ms (FindLiveObjects: 0.218747 ms CreateObjectMapping: 0.063045 ms MarkObjects: 3.348063 ms  DeleteObjects: 0.076610 ms)

AssetImportParameters requested are different than current active one (requested -> active):
  custom:video-decoder-ogg-theora: a1e56fd34408186e4bbccfd4996cb3dc -> 
  custom:container-muxer-webm: aa71ff27fc2769a1b78a27578f13a17b -> 
  custom:container-demuxer-webm: 4f35f7cbe854078d1ac9338744f61a02 -> 
  custom:container-demuxer-ogg: 62fdf1f143b41e24485cea50d1cbac27 -> 
  custom:video-encoder-webm-vp8: eb34c28f22e8b96e1ab97ce403110664 -> 
  custom:framework-osx-AVFoundation: e770b220cccbd017edd2c1fefb359320 -> 
  custom:video-decoder-webm-vp8: 9c59270c3fd7afecdb556c50c9e8de78 -> 
  custom:graphics/normal-map-encoding: 01000000000000000000000000000000 -> 02000000000000000000000000000000
  custom:audio-decoder-ogg-vorbis: bf7c407c2cedff20999df2af8eb42d56 -> 
  custom:audio-encoder-webm-vorbis: bf7c407c2cedff20999df2af8eb42d56 -> 
========================================================================
Received Import Request.
  Time since last request: 90.287460 seconds.
  path: Assets/Textures/GridMaterial.png
  artifactKey: Guid(8f7f5bc9c38d343638823e9e93806c0c) Importer(815301076,1909f56bfc062723c751e8b465ee728b)
Start importing Assets/Textures/GridMaterial.png using Guid(8f7f5bc9c38d343638823e9e93806c0c) Importer(815301076,1909f56bfc062723c751e8b465ee728b)  -> (artifact id: '1b827064cbe58a4284f05cd33857fd4e') in 1.110561 seconds 
  Import took 1.114976 seconds .

========================================================================
Received Import Request.
  Time since last request: 0.005010 seconds.
  path: Assets/Textures/AR Placement Indicator.png
  artifactKey: Guid(76d70ebdb9314445f92d4b9f6d769da5) Importer(815301076,1909f56bfc062723c751e8b465ee728b)
Start importing Assets/Textures/AR Placement Indicator.png using Guid(76d70ebdb9314445f92d4b9f6d769da5) Importer(815301076,1909f56bfc062723c751e8b465ee728b)  -> (artifact id: '994363963eea3d44602b7913376da1f6') in 0.084805 seconds 
  Import took 0.091807 seconds .

========================================================================
Received Prepare
Refreshing native plugins compatible for Editor in 3.58 ms, found 2 plugins.
Preloading 0 native plugins for Editor in 0.00 ms.
Unloading 11 Unused Serialized files (Serialized files now loaded: 0)
System memory in use before: 161.9 MB.
System memory in use after: 162.0 MB.

Unloading 10 unused Assets to reduce memory usage. Loaded Objects now: 2346.
Total: 13.684197 ms (FindLiveObjects: 0.221059 ms CreateObjectMapping: 0.062487 ms MarkObjects: 13.344821 ms  DeleteObjects: 0.054920 ms)

AssetImportParameters requested are different than current active one (requested -> active):
  custom:video-decoder-ogg-theora: a1e56fd34408186e4bbccfd4996cb3dc -> 
  custom:container-muxer-webm: aa71ff27fc2769a1b78a27578f13a17b -> 
  custom:container-demuxer-webm: 4f35f7cbe854078d1ac9338744f61a02 -> 
  custom:container-demuxer-ogg: 62fdf1f143b41e24485cea50d1cbac27 -> 
  custom:video-encoder-webm-vp8: eb34c28f22e8b96e1ab97ce403110664 -> 
  custom:framework-osx-AVFoundation: e770b220cccbd017edd2c1fefb359320 -> 
  custom:video-decoder-webm-vp8: 9c59270c3fd7afecdb556c50c9e8de78 -> 
  custom:audio-decoder-ogg-vorbis: bf7c407c2cedff20999df2af8eb42d56 -> 
  custom:audio-encoder-webm-vorbis: bf7c407c2cedff20999df2af8eb42d56 -> 
========================================================================
Received Import Request.
  Time since last request: 4325.796963 seconds.
  path: Assets/ARKitSettings.asset
  artifactKey: Guid(309c37ad285f9407a8e767ac19b32a5c) Importer(815301076,1909f56bfc062723c751e8b465ee728b)
Start importing Assets/ARKitSettings.asset using Guid(309c37ad285f9407a8e767ac19b32a5c) Importer(815301076,1909f56bfc062723c751e8b465ee728b)  -> (artifact id: '5c4a06b9fcfdafb09d73b41872dba83b') in 0.064847 seconds 
  Import took 0.094835 seconds .

========================================================================
Received Import Request.
  Time since last request: 8.962232 seconds.
  path: Assets
  artifactKey: Guid(00000000000000001000000000000000) Importer(815301076,1909f56bfc062723c751e8b465ee728b)
Start importing Assets using Guid(00000000000000001000000000000000) Importer(815301076,1909f56bfc062723c751e8b465ee728b)  -> (artifact id: '42d402b061de3733987d63b9cc3b64de') in 0.004912 seconds 
  Import took 0.016982 seconds .

========================================================================
Received Import Request.
  Time since last request: 58.329826 seconds.
  path: Assets/Prefabs
  artifactKey: Guid(f1ceee0b7d00f480c9127698d172e557) Importer(815301076,1909f56bfc062723c751e8b465ee728b)
Start importing Assets/Prefabs using Guid(f1ceee0b7d00f480c9127698d172e557) Importer(815301076,1909f56bfc062723c751e8b465ee728b)  -> (artifact id: 'c91bba4584994160c6a5f3bf63a892b3') in 0.002009 seconds 
  Import took 0.007799 seconds .

========================================================================
Received Import Request.
  Time since last request: 0.015498 seconds.
  path: Assets/Scripts/TapToPlace2.cs
  artifactKey: Guid(63453ffa5a0a14fc8acdd57d3c2f4450) Importer(815301076,1909f56bfc062723c751e8b465ee728b)
Start importing Assets/Scripts/TapToPlace2.cs using Guid(63453ffa5a0a14fc8acdd57d3c2f4450) Importer(815301076,1909f56bfc062723c751e8b465ee728b)  -> (artifact id: '04adca71e0203f3ff442c61ed7911a43') in 0.012677 seconds 
  Import took 0.018983 seconds .

========================================================================
Received Import Request.
  Time since last request: 0.009768 seconds.
  path: Assets/Materials/Yellow.mat
  artifactKey: Guid(57a88770240f34de28a7d5c51781c2b8) Importer(815301076,1909f56bfc062723c751e8b465ee728b)
Start importing Assets/Materials/Yellow.mat using Guid(57a88770240f34de28a7d5c51781c2b8) Importer(815301076,1909f56bfc062723c751e8b465ee728b)  -> (artifact id: '597c90f59986f145d22b5ec06a35b43f') in 0.586687 seconds 
  Import took 0.616670 seconds .

========================================================================
Received Import Request.
  Time since last request: 0.011168 seconds.
  path: Assets/White Black GUI/Black Icons/darkIcon_scope.png
  artifactKey: Guid(9fadeaa8036a07240aca5fbc669076d9) Importer(815301076,1909f56bfc062723c751e8b465ee728b)
Start importing Assets/White Black GUI/Black Icons/darkIcon_scope.png using Guid(9fadeaa8036a07240aca5fbc669076d9) Importer(815301076,1909f56bfc062723c751e8b465ee728b)  -> (artifact id: '36b817dc0c2c8b338cca3aba4a88ed69') in 0.074752 seconds 
  Import took 0.092917 seconds .

========================================================================
Received Import Request.
  Time since last request: 0.010015 seconds.
  path: Assets/White Black GUI/Black Icons/darkArrow_left.png
  artifactKey: Guid(1041c0652dd226e4382c504cf6caefcd) Importer(815301076,1909f56bfc062723c751e8b465ee728b)
Start importing Assets/White Black GUI/Black Icons/darkArrow_left.png using Guid(1041c0652dd226e4382c504cf6caefcd) Importer(815301076,1909f56bfc062723c751e8b465ee728b)  -> (artifact id: '3b8dc4c9e4ea502fd19b9c2632fbe8ec') in 0.031479 seconds 
  Import took 0.037344 seconds .

========================================================================
Received Import Request.
  Time since last request: 0.003881 seconds.
  path: Assets/White Black GUI/Black Icons/darkIcon_compass.png
  artifactKey: Guid(f02b055dcf85ce14284dfda49ecb02f5) Importer(815301076,1909f56bfc062723c751e8b465ee728b)
Start importing Assets/White Black GUI/Black Icons/darkIcon_compass.png using Guid(f02b055dcf85ce14284dfda49ecb02f5) Importer(815301076,1909f56bfc062723c751e8b465ee728b)  -> (artifact id: 'df9e60412ccc661edec9dafd956d6f2a') in 0.026569 seconds 
  Import took 0.030600 seconds .

========================================================================
Received Import Request.
  Time since last request: 0.002036 seconds.
  path: Assets/Materials/Bottom.mat
  artifactKey: Guid(cc204afe5e82f486cb05b670024d2917) Importer(815301076,1909f56bfc062723c751e8b465ee728b)
Start importing Assets/Materials/Bottom.mat using Guid(cc204afe5e82f486cb05b670024d2917) Importer(815301076,1909f56bfc062723c751e8b465ee728b)  -> (artifact id: '132f019fdbaa75706db7a3b56bab67d2') in 0.029386 seconds 
  Import took 0.033492 seconds .

========================================================================
Received Import Request.
  Time since last request: 0.002388 seconds.
  path: Assets/Scripts/TapToPlaceObject.cs
  artifactKey: Guid(3c2dd3f90ee234ccc9b1cea34f849067) Importer(815301076,1909f56bfc062723c751e8b465ee728b)
Start importing Assets/Scripts/TapToPlaceObject.cs using Guid(3c2dd3f90ee234ccc9b1cea34f849067) Importer(815301076,1909f56bfc062723c751e8b465ee728b)  -> (artifact id: '0047f6d7c91286aa45d00e3c6ddce9b0') in 0.001434 seconds 
  Import took 0.004289 seconds .

========================================================================
Received Import Request.
  Time since last request: 0.001713 seconds.
  path: Assets/White Black GUI/Black Icons/darkLetter_x.png
  artifactKey: Guid(f588a89472ad48d48828dfd95b6b603c) Importer(815301076,1909f56bfc062723c751e8b465ee728b)
Start importing Assets/White Black GUI/Black Icons/darkLetter_x.png using Guid(f588a89472ad48d48828dfd95b6b603c) Importer(815301076,1909f56bfc062723c751e8b465ee728b)  -> (artifact id: 'c1b58ca6aafa6e28abd535d6a8dce8d0') in 0.024900 seconds 
  Import took 0.028089 seconds .

========================================================================
Received Import Request.
  Time since last request: 0.005947 seconds.
  path: Assets/Scenes
  artifactKey: Guid(be12eb729de4d41bca5e2391ca623462) Importer(815301076,1909f56bfc062723c751e8b465ee728b)
Start importing Assets/Scenes using Guid(be12eb729de4d41bca5e2391ca623462) Importer(815301076,1909f56bfc062723c751e8b465ee728b)  -> (artifact id: '8e10b17bf9b656fd5cf22e3cf26c9c3d') in 0.001180 seconds 
  Import took 0.004880 seconds .

========================================================================
Received Import Request.
  Time since last request: 0.004775 seconds.
  path: Assets/Scripts
  artifactKey: Guid(de0430de61c43492882a8a7efa304fc7) Importer(815301076,1909f56bfc062723c751e8b465ee728b)
Start importing Assets/Scripts using Guid(de0430de61c43492882a8a7efa304fc7) Importer(815301076,1909f56bfc062723c751e8b465ee728b)  -> (artifact id: '0a33dcf4736cbaa3c9af43b32ad6e4db') in 0.000976 seconds 
  Import took 0.005206 seconds .

========================================================================
Received Import Request.
  Time since last request: 0.004240 seconds.
  path: Assets/White Black GUI/Black Icons/darkIcon_achievement.png
  artifactKey: Guid(291d1b4771b846240b3c56eb9edb8330) Importer(815301076,1909f56bfc062723c751e8b465ee728b)
Start importing Assets/White Black GUI/Black Icons/darkIcon_achievement.png using Guid(291d1b4771b846240b3c56eb9edb8330) Importer(815301076,1909f56bfc062723c751e8b465ee728b)  -> (artifact id: '6e1004e1c9f79a90ecf61d7c6ad9b179') in 0.025501 seconds 
  Import took 0.031237 seconds .

========================================================================
Received Import Request.
  Time since last request: 0.003036 seconds.
  path: Assets/Materials/Pink.mat
  artifactKey: Guid(d3a54e83338334f36b0d0e7e23439105) Importer(815301076,1909f56bfc062723c751e8b465ee728b)
Start importing Assets/Materials/Pink.mat using Guid(d3a54e83338334f36b0d0e7e23439105) Importer(815301076,1909f56bfc062723c751e8b465ee728b)  -> (artifact id: 'e9981d5e28c127f43ba28632ed880e41') in 0.010383 seconds 
  Import took 0.014242 seconds .

========================================================================
Received Import Request.
  Time since last request: 0.006378 seconds.
  path: Assets/White Black GUI/Black Icons/darkIcon_play.png
  artifactKey: Guid(92dddb63c7d1e1d41af2c95488f95af2) Importer(815301076,1909f56bfc062723c751e8b465ee728b)
Start importing Assets/White Black GUI/Black Icons/darkIcon_play.png using Guid(92dddb63c7d1e1d41af2c95488f95af2) Importer(815301076,1909f56bfc062723c751e8b465ee728b)  -> (artifact id: '8c6c2299cc538039b43d6ed33be59b4f') in 0.023462 seconds 
  Import took 0.026680 seconds .

========================================================================
Received Import Request.
  Time since last request: 0.001810 seconds.
  path: Assets/Materials/Shadow.mat
  artifactKey: Guid(40f29cb4179db4a1094299b63bfbc0b4) Importer(815301076,1909f56bfc062723c751e8b465ee728b)
Start importing Assets/Materials/Shadow.mat using Guid(40f29cb4179db4a1094299b63bfbc0b4) Importer(815301076,1909f56bfc062723c751e8b465ee728b)  -> (artifact id: '8ed76ee9f9d2c1120d87e03a049d12c7') in 0.207539 seconds 
  Import took 0.212639 seconds .

========================================================================
Received Import Request.
  Time since last request: 0.002192 seconds.
  path: Assets/Scenes/GameOver.unity
  artifactKey: Guid(e2ea7e7345d7f491e9786edbbcfdb472) Importer(815301076,1909f56bfc062723c751e8b465ee728b)
Start importing Assets/Scenes/GameOver.unity using Guid(e2ea7e7345d7f491e9786edbbcfdb472) Importer(815301076,1909f56bfc062723c751e8b465ee728b)  -> (artifact id: 'eaa3e905ec47499652f1746119a0eaca') in 0.001603 seconds 
  Import took 0.004614 seconds .

========================================================================
Received Import Request.
  Time since last request: 0.004970 seconds.
  path: Assets/White Black GUI/Black Icons/darkLetter_a.png
  artifactKey: Guid(069d75094bb0655449eeb978448f8cc4) Importer(815301076,1909f56bfc062723c751e8b465ee728b)
Start importing Assets/White Black GUI/Black Icons/darkLetter_a.png using Guid(069d75094bb0655449eeb978448f8cc4) Importer(815301076,1909f56bfc062723c751e8b465ee728b)  -> (artifact id: '6cc44bf555c3c676f75d95b6ea04bc75') in 0.023593 seconds 
  Import took 0.027996 seconds .

========================================================================
Received Import Request.
  Time since last request: 0.004261 seconds.
  path: Assets/White Black GUI/Black Icons/darkIcon_death.png
  artifactKey: Guid(7991c6d13e7d7bb44a33f20f6cbc3480) Importer(815301076,1909f56bfc062723c751e8b465ee728b)
Start importing Assets/White Black GUI/Black Icons/darkIcon_death.png using Guid(7991c6d13e7d7bb44a33f20f6cbc3480) Importer(815301076,1909f56bfc062723c751e8b465ee728b)  -> (artifact id: '93f41a96e71330f72c554a402e309207') in 0.023450 seconds 
  Import took 0.026574 seconds .

========================================================================
Received Import Request.
  Time since last request: 0.011589 seconds.
  path: Assets/White Black GUI/Black Icons/darkIcon_coin.png
  artifactKey: Guid(945c3037a8eff484585707630bf7c3ce) Importer(815301076,1909f56bfc062723c751e8b465ee728b)
Start importing Assets/White Black GUI/Black Icons/darkIcon_coin.png using Guid(945c3037a8eff484585707630bf7c3ce) Importer(815301076,1909f56bfc062723c751e8b465ee728b)  -> (artifact id: 'd2f86b9e4943e71caa09a408d8e1847d') in 0.024534 seconds 
  Import took 0.028758 seconds .

========================================================================
Received Import Request.
  Time since last request: 0.012766 seconds.
  path: Assets/White Black GUI/Black Icons/darkFacebook_01.png
  artifactKey: Guid(d841f05f50c0cc849b0eb39efca97d9d) Importer(815301076,1909f56bfc062723c751e8b465ee728b)
Start importing Assets/White Black GUI/Black Icons/darkFacebook_01.png using Guid(d841f05f50c0cc849b0eb39efca97d9d) Importer(815301076,1909f56bfc062723c751e8b465ee728b)  -> (artifact id: '6623db23fc870d005060eb6b2bed56d4') in 0.025516 seconds 
  Import took 0.030458 seconds .

========================================================================
Received Import Request.
  Time since last request: 0.002086 seconds.
  path: Assets/White Black GUI/Black Icons/darkIcon_plus.png
  artifactKey: Guid(9887ff0090d709847b9e1b6e210e40d2) Importer(815301076,1909f56bfc062723c751e8b465ee728b)
Start importing Assets/White Black GUI/Black Icons/darkIcon_plus.png using Guid(9887ff0090d709847b9e1b6e210e40d2) Importer(815301076,1909f56bfc062723c751e8b465ee728b)  -> (artifact id: '75d1268affe7cdc9b9574525b39f2aac') in 0.025527 seconds 
  Import took 0.029194 seconds .

========================================================================
Received Import Request.
  Time since last request: 0.001960 seconds.
  path: Assets/White Black GUI/Black Icons/darkIcon_heart.png
  artifactKey: Guid(444017026c743e64d8f4bc38f456e28e) Importer(815301076,1909f56bfc062723c751e8b465ee728b)
Start importing Assets/White Black GUI/Black Icons/darkIcon_heart.png using Guid(444017026c743e64d8f4bc38f456e28e) Importer(815301076,1909f56bfc062723c751e8b465ee728b)  -> (artifact id: '2ed03845241fd07336fb2cd42b66ae05') in 0.026439 seconds 
  Import took 0.031163 seconds .

========================================================================
Received Import Request.
  Time since last request: 0.002008 seconds.
  path: Assets/White Black GUI/Black Icons/darkArrow_up.png
  artifactKey: Guid(79a156bf615b9c046b2dce48cf050afc) Importer(815301076,1909f56bfc062723c751e8b465ee728b)
Start importing Assets/White Black GUI/Black Icons/darkArrow_up.png using Guid(79a156bf615b9c046b2dce48cf050afc) Importer(815301076,1909f56bfc062723c751e8b465ee728b)  -> (artifact id: 'ecdb8fe4689282ca115c83eefc974429') in 0.025150 seconds 
  Import took 0.029795 seconds .

========================================================================
Received Import Request.
  Time since last request: 0.002055 seconds.
  path: Assets/Materials/Faces.mat
  artifactKey: Guid(e2867f59783d74e5daf0196676552e1a) Importer(815301076,1909f56bfc062723c751e8b465ee728b)
Start importing Assets/Materials/Faces.mat using Guid(e2867f59783d74e5daf0196676552e1a) Importer(815301076,1909f56bfc062723c751e8b465ee728b)  -> (artifact id: '7377fd5853d645a664f6b2d4e57eb5f3') in 0.024619 seconds 
  Import took 0.027981 seconds .

========================================================================
Received Import Request.
  Time since last request: 0.001945 seconds.
  path: Assets/Materials/PlacementIndMat.mat
  artifactKey: Guid(f37ba3d4ebe3c480688e7ebafbe763d2) Importer(815301076,1909f56bfc062723c751e8b465ee728b)
Start importing Assets/Materials/PlacementIndMat.mat using Guid(f37ba3d4ebe3c480688e7ebafbe763d2) Importer(815301076,1909f56bfc062723c751e8b465ee728b)  -> (artifact id: 'a1f19d97074e2c4c60b99f02fc0b8f68') in 0.107031 seconds 
  Import took 0.111506 seconds .

========================================================================
Received Import Request.
  Time since last request: 0.002290 seconds.
  path: Assets/White Black GUI/Black Icons/darkIcon_minus.png
  artifactKey: Guid(cd14ce22054c45142adeeb2dd696b33f) Importer(815301076,1909f56bfc062723c751e8b465ee728b)
Start importing Assets/White Black GUI/Black Icons/darkIcon_minus.png using Guid(cd14ce22054c45142adeeb2dd696b33f) Importer(815301076,1909f56bfc062723c751e8b465ee728b)  -> (artifact id: '00f09ad1c0a5f164aba0c752c2ebc434') in 0.024050 seconds 
  Import took 0.028518 seconds .

========================================================================
Received Import Request.
  Time since last request: 0.002260 seconds.
  path: Assets/White Black GUI/Black Icons/darkIcon_list.png
  artifactKey: Guid(3dcbde2974b6cd041b88383a96c6784a) Importer(815301076,1909f56bfc062723c751e8b465ee728b)
Start importing Assets/White Black GUI/Black Icons/darkIcon_list.png using Guid(3dcbde2974b6cd041b88383a96c6784a) Importer(815301076,1909f56bfc062723c751e8b465ee728b)  -> (artifact id: '3cb76ddabb40b1fa158bbe4f6231d98a') in 0.025424 seconds 
  Import took 0.029377 seconds .

========================================================================
Received Import Request.
  Time since last request: 0.002419 seconds.
  path: Assets/White Black GUI/Black Icons/darkArrow_left2.png
  artifactKey: Guid(4d8b19e0a90fb7b45ac5d0fae7dc1580) Importer(815301076,1909f56bfc062723c751e8b465ee728b)
Start importing Assets/White Black GUI/Black Icons/darkArrow_left2.png using Guid(4d8b19e0a90fb7b45ac5d0fae7dc1580) Importer(815301076,1909f56bfc062723c751e8b465ee728b)  -> (artifact id: '556bc2f0c4189c6ac9b806361826b330') in 0.026012 seconds 
  Import took 0.031794 seconds .

========================================================================
Received Import Request.
  Time since last request: 0.001849 seconds.
  path: Assets/Textures
  artifactKey: Guid(890153cc56e9141379373c472edb4a5f) Importer(815301076,1909f56bfc062723c751e8b465ee728b)
Start importing Assets/Textures using Guid(890153cc56e9141379373c472edb4a5f) Importer(815301076,1909f56bfc062723c751e8b465ee728b)  -> (artifact id: 'd3af5d42024accfb395d38bb6b261196') in 0.000854 seconds 
  Import took 0.004358 seconds .

========================================================================
Received Import Request.
  Time since last request: 0.001672 seconds.
  path: Assets/White Black GUI/Black Icons/darkIcon_done.png
  artifactKey: Guid(89b19ad01b389fb4590e7c45cd00db76) Importer(815301076,1909f56bfc062723c751e8b465ee728b)
Start importing Assets/White Black GUI/Black Icons/darkIcon_done.png using Guid(89b19ad01b389fb4590e7c45cd00db76) Importer(815301076,1909f56bfc062723c751e8b465ee728b)  -> (artifact id: 'f921e854a03db2619e24b45cc815f706') in 0.024717 seconds 
  Import took 0.028535 seconds .

========================================================================
Received Import Request.
  Time since last request: 0.001925 seconds.
  path: Assets/Scenes/PlayScene.unity
  artifactKey: Guid(5a29dca38c9964c9083f27f7ae23a6a2) Importer(815301076,1909f56bfc062723c751e8b465ee728b)
Start importing Assets/Scenes/PlayScene.unity using Guid(5a29dca38c9964c9083f27f7ae23a6a2) Importer(815301076,1909f56bfc062723c751e8b465ee728b)  -> (artifact id: '0206004345abaecfce4609c37e29be71') in 0.001388 seconds 
  Import took 0.004505 seconds .

========================================================================
Received Import Request.
  Time since last request: 0.003802 seconds.
  path: Assets/Scripts/ARMovement.cs
  artifactKey: Guid(930da0db06dbe44b095c1907e1b9cd65) Importer(815301076,1909f56bfc062723c751e8b465ee728b)
Start importing Assets/Scripts/ARMovement.cs using Guid(930da0db06dbe44b095c1907e1b9cd65) Importer(815301076,1909f56bfc062723c751e8b465ee728b)  -> (artifact id: '3da164e31dd0e11691158d0437d8e284') in 0.002482 seconds 
  Import took 0.006186 seconds .

========================================================================
Received Import Request.
  Time since last request: 0.001759 seconds.
  path: Assets/White Black GUI/Black Icons/darkIcon_options.png
  artifactKey: Guid(02ba8457eafd82e45a164080bfa1a1ca) Importer(815301076,1909f56bfc062723c751e8b465ee728b)
Start importing Assets/White Black GUI/Black Icons/darkIcon_options.png using Guid(02ba8457eafd82e45a164080bfa1a1ca) Importer(815301076,1909f56bfc062723c751e8b465ee728b)  -> (artifact id: '45ef82c489d2561e520b9df2ea7cd9ed') in 0.023759 seconds 
  Import took 0.027585 seconds .

========================================================================
Received Import Request.
  Time since last request: 0.001949 seconds.
  path: Assets/White Black GUI/Black Icons/darkArrow_down2.png
  artifactKey: Guid(883bfc518b133f64d94d07d7c78e274f) Importer(815301076,1909f56bfc062723c751e8b465ee728b)
Start importing Assets/White Black GUI/Black Icons/darkArrow_down2.png using Guid(883bfc518b133f64d94d07d7c78e274f) Importer(815301076,1909f56bfc062723c751e8b465ee728b)  -> (artifact id: '728b77927032c17917b01a58731219d1') in 0.026142 seconds 
  Import took 0.029375 seconds .

========================================================================
Received Import Request.
  Time since last request: 0.010597 seconds.
  path: Assets/Materials/Blue.mat
  artifactKey: Guid(fdc27f28934e34cf5bc10c7b625aca88) Importer(815301076,1909f56bfc062723c751e8b465ee728b)
Start importing Assets/Materials/Blue.mat using Guid(fdc27f28934e34cf5bc10c7b625aca88) Importer(815301076,1909f56bfc062723c751e8b465ee728b)  -> (artifact id: 'b5677089d87d656da13ee5b23afa51a0') in 0.010262 seconds 
  Import took 0.013821 seconds .

========================================================================
Received Import Request.
  Time since last request: 0.002011 seconds.
  path: Assets/Materials/Red.mat
  artifactKey: Guid(9e11881788073412fac74aaf4e9e4bb0) Importer(815301076,1909f56bfc062723c751e8b465ee728b)
Start importing Assets/Materials/Red.mat using Guid(9e11881788073412fac74aaf4e9e4bb0) Importer(815301076,1909f56bfc062723c751e8b465ee728b)  -> (artifact id: '726ce72dfca9e6c58014883d55e62bd4') in 0.008378 seconds 
  Import took 0.010976 seconds .

========================================================================
Received Import Request.
  Time since last request: 0.001798 seconds.
  path: Assets/White Black GUI/Black Icons/darkTwitter_01.png
  artifactKey: Guid(cc0b5899d7c683e4593e38f19ff7482c) Importer(815301076,1909f56bfc062723c751e8b465ee728b)
Start importing Assets/White Black GUI/Black Icons/darkTwitter_01.png using Guid(cc0b5899d7c683e4593e38f19ff7482c) Importer(815301076,1909f56bfc062723c751e8b465ee728b)  -> (artifact id: 'cf672eb92f7f2f6b8ebd9870c933130e') in 0.037293 seconds 
  Import took 0.043041 seconds .

========================================================================
Received Import Request.
  Time since last request: 0.009387 seconds.
  path: Assets/White Black GUI/Black Icons/darkIcon_target.png
  artifactKey: Guid(3061de3d003373e4fb671d939a18ed11) Importer(815301076,1909f56bfc062723c751e8b465ee728b)
Start importing Assets/White Black GUI/Black Icons/darkIcon_target.png using Guid(3061de3d003373e4fb671d939a18ed11) Importer(815301076,1909f56bfc062723c751e8b465ee728b)  -> (artifact id: '5d55c02c71430c981fe69f7a51a9dee3') in 0.036355 seconds 
  Import took 0.044083 seconds .

========================================================================
Received Import Request.
  Time since last request: 0.011214 seconds.
  path: Assets/White Black GUI/Black Icons/darkTwitter_02.png
  artifactKey: Guid(6118277717e606940b32030882b9f0ed) Importer(815301076,1909f56bfc062723c751e8b465ee728b)
Start importing Assets/White Black GUI/Black Icons/darkTwitter_02.png using Guid(6118277717e606940b32030882b9f0ed) Importer(815301076,1909f56bfc062723c751e8b465ee728b)  -> (artifact id: 'ec2c0c1f1839385328862f6795dad0fa') in 0.035340 seconds 
  Import took 0.041220 seconds .

========================================================================
Received Import Request.
  Time since last request: 0.008786 seconds.
  path: Assets/White Black GUI/Black Icons/darkLetter_y.png
  artifactKey: Guid(ce3309ad02449d44f89ed94f42364ea6) Importer(815301076,1909f56bfc062723c751e8b465ee728b)
Start importing Assets/White Black GUI/Black Icons/darkLetter_y.png using Guid(ce3309ad02449d44f89ed94f42364ea6) Importer(815301076,1909f56bfc062723c751e8b465ee728b)  -> (artifact id: '320c1cf7300c9e44e20c5ee52321f166') in 0.037108 seconds 
  Import took 0.045509 seconds .

========================================================================
Received Import Request.
  Time since last request: 0.006885 seconds.
  path: Assets/Materials
  artifactKey: Guid(45c4853ca5fbc4ef48b92acf4ad3c477) Importer(815301076,1909f56bfc062723c751e8b465ee728b)
Start importing Assets/Materials using Guid(45c4853ca5fbc4ef48b92acf4ad3c477) Importer(815301076,1909f56bfc062723c751e8b465ee728b)  -> (artifact id: 'f7fb91fef405ccd0806c901e88878253') in 0.001124 seconds 
  Import took 0.004125 seconds .

========================================================================
Received Import Request.
  Time since last request: 0.001600 seconds.
  path: Assets/White Black GUI/Black Icons/darkIcon_help.png
  artifactKey: Guid(c803fc75c85bf0a47a6b303cd8796d3e) Importer(815301076,1909f56bfc062723c751e8b465ee728b)
Start importing Assets/White Black GUI/Black Icons/darkIcon_help.png using Guid(c803fc75c85bf0a47a6b303cd8796d3e) Importer(815301076,1909f56bfc062723c751e8b465ee728b)  -> (artifact id: 'a092aa8058bcee52d1671ad2bf36bb11') in 0.025229 seconds 
  Import took 0.031474 seconds .

========================================================================
Received Import Request.
  Time since last request: 0.007565 seconds.
  path: Assets/White Black GUI/Black Icons/darkArrow_right2.png
  artifactKey: Guid(d6278a34674b6cb468a063e6a1c7fc9a) Importer(815301076,1909f56bfc062723c751e8b465ee728b)
Start importing Assets/White Black GUI/Black Icons/darkArrow_right2.png using Guid(d6278a34674b6cb468a063e6a1c7fc9a) Importer(815301076,1909f56bfc062723c751e8b465ee728b)  -> (artifact id: '932e98a4c5f40afa71ee020f3804236a') in 0.025878 seconds 
  Import took 0.029505 seconds .

========================================================================
Received Import Request.
  Time since last request: 0.002115 seconds.
  path: Assets/White Black GUI/Black Icons/darkArrow_down.png
  artifactKey: Guid(77f0dee2e0d3498428087e4c8ed1ccab) Importer(815301076,1909f56bfc062723c751e8b465ee728b)
Start importing Assets/White Black GUI/Black Icons/darkArrow_down.png using Guid(77f0dee2e0d3498428087e4c8ed1ccab) Importer(815301076,1909f56bfc062723c751e8b465ee728b)  -> (artifact id: 'f8b590b36b2c14aa77c0dff3775cf0b0') in 0.026163 seconds 
  Import took 0.029562 seconds .

========================================================================
Received Import Request.
  Time since last request: 0.001954 seconds.
  path: Assets/White Black GUI/Black Icons/darkIcon_pause.png
  artifactKey: Guid(58980f40e9756404cbf506e74fc625a8) Importer(815301076,1909f56bfc062723c751e8b465ee728b)
Start importing Assets/White Black GUI/Black Icons/darkIcon_pause.png using Guid(58980f40e9756404cbf506e74fc625a8) Importer(815301076,1909f56bfc062723c751e8b465ee728b)  -> (artifact id: '2e348c78670084d7fb4602118cb23341') in 0.025229 seconds 
  Import took 0.029024 seconds .

========================================================================
Received Import Request.
  Time since last request: 0.003825 seconds.
  path: Assets/White Black GUI/Black Icons/darkIcon_restart.png
  artifactKey: Guid(57a8a0ee9aab0024a82f39678775497f) Importer(815301076,1909f56bfc062723c751e8b465ee728b)
Start importing Assets/White Black GUI/Black Icons/darkIcon_restart.png using Guid(57a8a0ee9aab0024a82f39678775497f) Importer(815301076,1909f56bfc062723c751e8b465ee728b)  -> (artifact id: '8e6579bf97af277e80339c5582baa313') in 0.023495 seconds 
  Import took 0.026873 seconds .

========================================================================
Received Import Request.
  Time since last request: 0.001973 seconds.
  path: Assets/White Black GUI/Black Icons/darkArrow_right.png
  artifactKey: Guid(38895bdf640765b44b0a7964529aefd7) Importer(815301076,1909f56bfc062723c751e8b465ee728b)
Start importing Assets/White Black GUI/Black Icons/darkArrow_right.png using Guid(38895bdf640765b44b0a7964529aefd7) Importer(815301076,1909f56bfc062723c751e8b465ee728b)  -> (artifact id: 'fe020a25d04b3c94a227237eb9a7b8dd') in 0.027488 seconds 
  Import took 0.031322 seconds .

========================================================================
Received Import Request.
  Time since last request: 0.002139 seconds.
  path: Assets/White Black GUI/Black Icons/darkSound_off.png
  artifactKey: Guid(6687038e549c24c4eb97b760700edb8a) Importer(815301076,1909f56bfc062723c751e8b465ee728b)
Start importing Assets/White Black GUI/Black Icons/darkSound_off.png using Guid(6687038e549c24c4eb97b760700edb8a) Importer(815301076,1909f56bfc062723c751e8b465ee728b)  -> (artifact id: '5d0a01e0f7c4eb0ceea01ea854f9cbb2') in 0.024389 seconds 
  Import took 0.028115 seconds .

========================================================================
Received Import Request.
  Time since last request: 0.001911 seconds.
  path: Assets/White Black GUI
  artifactKey: Guid(ae2d5c5f948034052be4bd216a9f20af) Importer(815301076,1909f56bfc062723c751e8b465ee728b)
Start importing Assets/White Black GUI using Guid(ae2d5c5f948034052be4bd216a9f20af) Importer(815301076,1909f56bfc062723c751e8b465ee728b)  -> (artifact id: '0f2a2d1f3462c5d9f079b18ffefde383') in 0.001171 seconds 
  Import took 0.004203 seconds .

========================================================================
Received Import Request.
  Time since last request: 0.001628 seconds.
  path: Assets/White Black GUI/Black Icons/darkArrow_up2.png
  artifactKey: Guid(ccbdf16aee4ce1040971ed6fd7219809) Importer(815301076,1909f56bfc062723c751e8b465ee728b)
Start importing Assets/White Black GUI/Black Icons/darkArrow_up2.png using Guid(ccbdf16aee4ce1040971ed6fd7219809) Importer(815301076,1909f56bfc062723c751e8b465ee728b)  -> (artifact id: '5cc017b6afac302d37db639eba93db16') in 0.024043 seconds 
  Import took 0.027180 seconds .

========================================================================
Received Import Request.
  Time since last request: 0.001938 seconds.
  path: Assets/White Black GUI/Black Icons/darkIcon_star.png
  artifactKey: Guid(56b4c53edc3d3b64186f274a6f8537e8) Importer(815301076,1909f56bfc062723c751e8b465ee728b)
Start importing Assets/White Black GUI/Black Icons/darkIcon_star.png using Guid(56b4c53edc3d3b64186f274a6f8537e8) Importer(815301076,1909f56bfc062723c751e8b465ee728b)  -> (artifact id: 'f0396b38b6718f057336312930522c8b') in 0.024147 seconds 
  Import took 0.027838 seconds .

========================================================================
Received Import Request.
  Time since last request: 0.001667 seconds.
  path: Assets/White Black GUI/Black Icons
  artifactKey: Guid(d5619d5d4d70b4e44a4e24303bce7246) Importer(815301076,1909f56bfc062723c751e8b465ee728b)
Start importing Assets/White Black GUI/Black Icons using Guid(d5619d5d4d70b4e44a4e24303bce7246) Importer(815301076,1909f56bfc062723c751e8b465ee728b)  -> (artifact id: '1aab37c5fa49eb58ef0f56c9daf8c66f') in 0.000875 seconds 
  Import took 0.003736 seconds .

========================================================================
Received Import Request.
  Time since last request: 0.004576 seconds.
  path: Assets/White Black GUI/Black Icons/darkIcon_close.png
  artifactKey: Guid(3a40643d683ae324883c06e8dcf1bb2a) Importer(815301076,1909f56bfc062723c751e8b465ee728b)
Start importing Assets/White Black GUI/Black Icons/darkIcon_close.png using Guid(3a40643d683ae324883c06e8dcf1bb2a) Importer(815301076,1909f56bfc062723c751e8b465ee728b)  -> (artifact id: '86a6f65206e15c5c2401dcf35a4699db') in 0.024375 seconds 
  Import took 0.028137 seconds .

========================================================================
Received Import Request.
  Time since last request: 0.002192 seconds.
  path: Assets/Scenes/GameScene.unity
  artifactKey: Guid(bdafe28a600e244b89d487953bbce979) Importer(815301076,1909f56bfc062723c751e8b465ee728b)
Start importing Assets/Scenes/GameScene.unity using Guid(bdafe28a600e244b89d487953bbce979) Importer(815301076,1909f56bfc062723c751e8b465ee728b)  -> (artifact id: 'aab5d039ccb18376544173abc1a2c86d') in 0.001253 seconds 
  Import took 0.003662 seconds .

========================================================================
Received Import Request.
  Time since last request: 0.007972 seconds.
  path: Assets/Materials/Green.mat
  artifactKey: Guid(c79fbd4246f9848fe8225fdecb3b20ba) Importer(815301076,1909f56bfc062723c751e8b465ee728b)
Start importing Assets/Materials/Green.mat using Guid(c79fbd4246f9848fe8225fdecb3b20ba) Importer(815301076,1909f56bfc062723c751e8b465ee728b)  -> (artifact id: '3268bd7015e301396dbe4b21af4bc68b') in 0.008607 seconds 
  Import took 0.012231 seconds .

========================================================================
Received Import Request.
  Time since last request: 0.005371 seconds.
  path: Assets/Scripts/ShadowV2.cs
  artifactKey: Guid(170f1344d5211493da2c1c9f46f3e253) Importer(815301076,1909f56bfc062723c751e8b465ee728b)
Start importing Assets/Scripts/ShadowV2.cs using Guid(170f1344d5211493da2c1c9f46f3e253) Importer(815301076,1909f56bfc062723c751e8b465ee728b)  -> (artifact id: 'da3e17f0a58bf9f7fe8290c8583b8614') in 0.001859 seconds 
  Import took 0.005245 seconds .

========================================================================
Received Import Request.
  Time since last request: 0.002015 seconds.
  path: Assets/White Black GUI/Black Icons/darkNumber_2.png
  artifactKey: Guid(61d41c84dc8e75a40b355e3bdc62f7fc) Importer(815301076,1909f56bfc062723c751e8b465ee728b)
Start importing Assets/White Black GUI/Black Icons/darkNumber_2.png using Guid(61d41c84dc8e75a40b355e3bdc62f7fc) Importer(815301076,1909f56bfc062723c751e8b465ee728b)  -> (artifact id: '9e881fdd2bfee8ead03208b85ab26e05') in 0.025405 seconds 
  Import took 0.029612 seconds .

========================================================================
Received Import Request.
  Time since last request: 0.001978 seconds.
  path: Assets/White Black GUI/Black Icons/darkIcon_world.png
  artifactKey: Guid(98b9b4906294794479bb57079c8a36a5) Importer(815301076,1909f56bfc062723c751e8b465ee728b)
Start importing Assets/White Black GUI/Black Icons/darkIcon_world.png using Guid(98b9b4906294794479bb57079c8a36a5) Importer(815301076,1909f56bfc062723c751e8b465ee728b)  -> (artifact id: '81f6ea2fa0a6a12fd0233ce15d698268') in 0.024059 seconds 
  Import took 0.027538 seconds .

========================================================================
Received Import Request.
  Time since last request: 0.001988 seconds.
  path: Assets/White Black GUI/Black Icons/darkSound_on.png
  artifactKey: Guid(6a6b2cf0d0c91984da9209037b165c65) Importer(815301076,1909f56bfc062723c751e8b465ee728b)
Start importing Assets/White Black GUI/Black Icons/darkSound_on.png using Guid(6a6b2cf0d0c91984da9209037b165c65) Importer(815301076,1909f56bfc062723c751e8b465ee728b)  -> (artifact id: 'e220b395337897cf84513413302f8bd2') in 0.027019 seconds 
  Import took 0.030722 seconds .

========================================================================
Received Import Request.
  Time since last request: 0.003736 seconds.
  path: Assets/White Black GUI/Black Icons/darkLetter_b.png
  artifactKey: Guid(1938e2c6cbbc45249b58b80f3ad09e96) Importer(815301076,1909f56bfc062723c751e8b465ee728b)
Start importing Assets/White Black GUI/Black Icons/darkLetter_b.png using Guid(1938e2c6cbbc45249b58b80f3ad09e96) Importer(815301076,1909f56bfc062723c751e8b465ee728b)  -> (artifact id: '10383058d25cb318c776e6a644243879') in 0.024305 seconds 
  Import took 0.027551 seconds .

========================================================================
Received Import Request.
  Time since last request: 0.002003 seconds.
  path: Assets/White Black GUI/Black Icons/darkIcon_store.png
  artifactKey: Guid(8d377fccf121d9842a1c47212f09e803) Importer(815301076,1909f56bfc062723c751e8b465ee728b)
Start importing Assets/White Black GUI/Black Icons/darkIcon_store.png using Guid(8d377fccf121d9842a1c47212f09e803) Importer(815301076,1909f56bfc062723c751e8b465ee728b)  -> (artifact id: 'ba382bb1cdf9520255abf2cb5dc90fd0') in 0.024384 seconds 
  Import took 0.027962 seconds .

========================================================================
Received Import Request.
  Time since last request: 0.003738 seconds.
  path: Assets/White Black GUI/Black Icons/darkIcon_radioactive.png
  artifactKey: Guid(9a4b6ff787d58b74da9bcbf871275316) Importer(815301076,1909f56bfc062723c751e8b465ee728b)
Start importing Assets/White Black GUI/Black Icons/darkIcon_radioactive.png using Guid(9a4b6ff787d58b74da9bcbf871275316) Importer(815301076,1909f56bfc062723c751e8b465ee728b)  -> (artifact id: '62865d4cb6bf7b4b7c9c9b1c032f10f9') in 0.024310 seconds 
  Import took 0.027527 seconds .

========================================================================
Received Import Request.
  Time since last request: 0.001884 seconds.
  path: Assets/White Black GUI/Black Icons/darkIcon_info.png
  artifactKey: Guid(fede790c1e30ebf49b72240ee2fc09fb) Importer(815301076,1909f56bfc062723c751e8b465ee728b)
Start importing Assets/White Black GUI/Black Icons/darkIcon_info.png using Guid(fede790c1e30ebf49b72240ee2fc09fb) Importer(815301076,1909f56bfc062723c751e8b465ee728b)  -> (artifact id: '51d3f2ccab281edc6a4dcd548f40291f') in 0.023770 seconds 
  Import took 0.027511 seconds .

========================================================================
Received Import Request.
  Time since last request: 0.002211 seconds.
  path: Assets/White Black GUI/Black Icons/darkNumber_1.png
  artifactKey: Guid(544049555d16f7447afb11148fe1ee0f) Importer(815301076,1909f56bfc062723c751e8b465ee728b)
Start importing Assets/White Black GUI/Black Icons/darkNumber_1.png using Guid(544049555d16f7447afb11148fe1ee0f) Importer(815301076,1909f56bfc062723c751e8b465ee728b)  -> (artifact id: '1706df05b6bed7b9942dd4b3f9ba9a4b') in 0.023034 seconds 
  Import took 0.025938 seconds .

========================================================================
Received Import Request.
  Time since last request: 0.001956 seconds.
  path: Assets/White Black GUI/Black Icons/darkIcon_worldSelect.png
  artifactKey: Guid(01160a24b20b35343851f26ae103f814) Importer(815301076,1909f56bfc062723c751e8b465ee728b)
Start importing Assets/White Black GUI/Black Icons/darkIcon_worldSelect.png using Guid(01160a24b20b35343851f26ae103f814) Importer(815301076,1909f56bfc062723c751e8b465ee728b)  -> (artifact id: '52d4a6a77bcb5bd0c7ec5110d8432a2b') in 0.026623 seconds 
  Import took 0.031070 seconds .

