Unity Editor version:    2020.3.20f1 (41c4e627c95f)
Branch:                  2020.3/staging
Build type:              Release
Batch mode:              YES
macOS version:           Version 11.6 (Build 20G165)
Darwin version:          20.6.0
Architecture:            x86_64
Running under Rosetta:   NO
Available memory:        16384 MB
Using pre-set license
Pro License: NO

COMMAND LINE ARGUMENTS:
/Applications/Unity/Hub/Editor/2020.3.20f1/Unity.app/Contents/MacOS/Unity
-adb2
-batchMode
-noUpm
-name
AssetImportWorker0
-projectPath
/Users/Shared/Unity/TCD/AR_Tetris2020
-logFile
Logs/AssetImportWorker0.log
-srvPort
49603
Successfully changed project path to: /Users/Shared/Unity/TCD/AR_Tetris2020
/Users/Shared/Unity/TCD/AR_Tetris2020
Using Asset Import Pipeline V2.
Refreshing native plugins compatible for Editor in 37.94 ms, found 2 plugins.
Preloading 0 native plugins for Editor in 0.00 ms.
Initialize engine version: 2020.3.20f1 (41c4e627c95f)
[Subsystems] Discovering subsystems at path /Applications/Unity/Hub/Editor/2020.3.20f1/Unity.app/Contents/Resources/UnitySubsystems
[Subsystems] Discovering subsystems at path /Users/Shared/Unity/TCD/AR_Tetris2020/Assets
GfxDevice: creating device client; threaded=0
2022-05-10 21:58:19.253 Unity[1268:17354] Color LCD preferred device: Intel Iris Pro Graphics (low power)
2022-05-10 21:58:19.253 Unity[1268:17354] Metal devices available: 2
2022-05-10 21:58:19.253 Unity[1268:17354] 0: AMD Radeon R9 M370X (high power)
2022-05-10 21:58:19.253 Unity[1268:17354] 1: Intel Iris Pro Graphics (low power)
2022-05-10 21:58:19.253 Unity[1268:17354] Using device AMD Radeon R9 M370X (high power)
Initializing Metal device caps: AMD Radeon R9 M370X
Initialize mono
Mono path[0] = '/Applications/Unity/Hub/Editor/2020.3.20f1/Unity.app/Contents/Managed'
Mono path[1] = '/Applications/Unity/Hub/Editor/2020.3.20f1/Unity.app/Contents/MonoBleedingEdge/lib/mono/unityjit'
Mono config path = '/Applications/Unity/Hub/Editor/2020.3.20f1/Unity.app/Contents/MonoBleedingEdge/etc'
Using monoOptions --debugger-agent=transport=dt_socket,embedding=1,server=y,suspend=n,address=127.0.0.1:56268
Begin MonoManager ReloadAssembly
Registering precompiled unity dll's ...
Register platform support module: /Applications/Unity/Hub/Editor/2020.3.20f1/PlaybackEngines/WebGLSupport/UnityEditor.WebGL.Extensions.dll
Register platform support module: /Applications/Unity/Hub/Editor/2020.3.20f1/Unity.app/Contents/PlaybackEngines/MacStandaloneSupport/UnityEditor.OSXStandalone.Extensions.dll
Register platform support module: /Applications/Unity/Hub/Editor/2020.3.20f1/PlaybackEngines/WindowsStandaloneSupport/UnityEditor.WindowsStandalone.Extensions.dll
Registered in 0.001067 seconds.
Native extension for WindowsStandalone target not found
Native extension for OSXStandalone target not found
Native extension for WebGL target not found
Refreshing native plugins compatible for Editor in 43.10 ms, found 2 plugins.
Preloading 0 native plugins for Editor in 0.00 ms.
Mono: successfully reloaded assembly
- Completed reload, in  4.037 seconds
Domain Reload Profiling:
	ReloadAssembly (4037ms)
		BeginReloadAssembly (47ms)
			ExecutionOrderSort (0ms)
			DisableScriptedObjects (0ms)
			BackupInstance (0ms)
			ReleaseScriptingObjects (0ms)
			CreateAndSetChildDomain (1ms)
		EndReloadAssembly (710ms)
			LoadAssemblies (45ms)
			RebuildTransferFunctionScriptingTraits (0ms)
			SetupTypeCache (328ms)
			ReleaseScriptCaches (0ms)
			RebuildScriptCaches (53ms)
			SetupLoadedEditorAssemblies (250ms)
				LogAssemblyErrors (0ms)
				InitializePlatformSupportModulesInManaged (6ms)
				SetLoadedEditorAssemblies (0ms)
				RefreshPlugins (43ms)
				BeforeProcessingInitializeOnLoad (32ms)
				ProcessInitializeOnLoadAttributes (124ms)
				ProcessInitializeOnLoadMethodAttributes (44ms)
				AfterProcessingInitializeOnLoad (0ms)
				EditorAssembliesLoaded (0ms)
			ExecutionOrderSort2 (0ms)
			AwakeInstancesAfterBackupRestoration (0ms)
Platform modules already initialized, skipping
Registering precompiled user dll's ...
Registered in 0.001211 seconds.
Begin MonoManager ReloadAssembly
Native extension for WindowsStandalone target not found
Native extension for OSXStandalone target not found
Native extension for WebGL target not found
Refreshing native plugins compatible for Editor in 42.66 ms, found 2 plugins.
Preloading 0 native plugins for Editor in 0.00 ms.
Mono: successfully reloaded assembly
- Completed reload, in  1.602 seconds
Domain Reload Profiling:
	ReloadAssembly (1603ms)
		BeginReloadAssembly (206ms)
			ExecutionOrderSort (0ms)
			DisableScriptedObjects (6ms)
			BackupInstance (0ms)
			ReleaseScriptingObjects (0ms)
			CreateAndSetChildDomain (41ms)
		EndReloadAssembly (1300ms)
			LoadAssemblies (94ms)
			RebuildTransferFunctionScriptingTraits (0ms)
			SetupTypeCache (450ms)
			ReleaseScriptCaches (1ms)
			RebuildScriptCaches (79ms)
			SetupLoadedEditorAssemblies (468ms)
				LogAssemblyErrors (0ms)
				InitializePlatformSupportModulesInManaged (6ms)
				SetLoadedEditorAssemblies (0ms)
				RefreshPlugins (43ms)
				BeforeProcessingInitializeOnLoad (107ms)
				ProcessInitializeOnLoadAttributes (306ms)
				ProcessInitializeOnLoadMethodAttributes (4ms)
				AfterProcessingInitializeOnLoad (2ms)
				EditorAssembliesLoaded (0ms)
			ExecutionOrderSort2 (0ms)
			AwakeInstancesAfterBackupRestoration (8ms)
Platform modules already initialized, skipping
Validating Project structure ... 0.002083 seconds.
Shader import version has changed; will reimport all shaders...
Upgrading shader files ...0.002093 seconds.
Application.AssetDatabase Initial Script Refresh Start
RefreshInfo: InitialScriptRefreshV2(NoUpdateAssetOptions) scanfilter:  ... 1 filters
RefreshProfiler: Total: 0.000ms
Application.AssetDatabase Initial Script Refresh End
Application.AssetDatabase.Refresh Start
Application.AssetDatabase.Refresh End
RefreshInfo: StopAssetImportingV2(ForceSynchronousImport) scanfilter: 
RefreshProfiler: Total: 0.000ms
Launching external process: /Applications/Unity/Hub/Editor/2020.3.20f1/Unity.app/Contents/Tools/UnityShaderCompiler
Launched and connected shader compiler UnityShaderCompiler after 0.01 seconds
Initializing Unity extensions:
========================================================================
Worker process is ready to serve import requests
Refreshing native plugins compatible for Editor in 0.50 ms, found 2 plugins.
Preloading 0 native plugins for Editor in 0.00 ms.
Unloading 1834 Unused Serialized files (Serialized files now loaded: 0)
System memory in use before: 181.0 MB.
System memory in use after: 180.1 MB.

Unloading 125 unused Assets to reduce memory usage. Loaded Objects now: 2313.
Total: 4.656534 ms (FindLiveObjects: 0.212904 ms CreateObjectMapping: 0.068671 ms MarkObjects: 3.729112 ms  DeleteObjects: 0.644776 ms)

AssetImportParameters requested are different than current active one (requested -> active):
  custom:video-decoder-ogg-theora: a1e56fd34408186e4bbccfd4996cb3dc -> 
  custom:container-muxer-webm: aa71ff27fc2769a1b78a27578f13a17b -> 
  custom:container-demuxer-webm: 4f35f7cbe854078d1ac9338744f61a02 -> 
  custom:container-demuxer-ogg: 62fdf1f143b41e24485cea50d1cbac27 -> 
  custom:video-encoder-webm-vp8: eb34c28f22e8b96e1ab97ce403110664 -> 
  custom:framework-osx-AVFoundation: e770b220cccbd017edd2c1fefb359320 -> 
  custom:video-decoder-webm-vp8: 9c59270c3fd7afecdb556c50c9e8de78 -> 
  custom:audio-decoder-ogg-vorbis: bf7c407c2cedff20999df2af8eb42d56 -> 
  custom:audio-encoder-webm-vorbis: bf7c407c2cedff20999df2af8eb42d56 -> 
========================================================================
Received Import Request.
  path: Assets/ARKitSettings.asset
  artifactKey: Guid(309c37ad285f9407a8e767ac19b32a5c) Importer(815301076,1909f56bfc062723c751e8b465ee728b)
Start importing Assets/ARKitSettings.asset using Guid(309c37ad285f9407a8e767ac19b32a5c) Importer(815301076,1909f56bfc062723c751e8b465ee728b)  -> (artifact id: 'c0be8a0c7baa6bcd432c6fe435d01a9e') in 1.254157 seconds 
  Import took 1.258757 seconds .

========================================================================
Received Prepare
Refreshing native plugins compatible for Editor in 1.83 ms, found 2 plugins.
Preloading 0 native plugins for Editor in 0.00 ms.
Unloading 11 Unused Serialized files (Serialized files now loaded: 0)
System memory in use before: 147.5 MB.
System memory in use after: 147.6 MB.

Unloading 10 unused Assets to reduce memory usage. Loaded Objects now: 2313.
Total: 4.316150 ms (FindLiveObjects: 0.293320 ms CreateObjectMapping: 0.064367 ms MarkObjects: 3.927629 ms  DeleteObjects: 0.030195 ms)

AssetImportParameters requested are different than current active one (requested -> active):
  custom:video-decoder-ogg-theora: a1e56fd34408186e4bbccfd4996cb3dc -> 
  custom:container-muxer-webm: aa71ff27fc2769a1b78a27578f13a17b -> 
  custom:container-demuxer-webm: 4f35f7cbe854078d1ac9338744f61a02 -> 
  custom:container-demuxer-ogg: 62fdf1f143b41e24485cea50d1cbac27 -> 
  custom:video-encoder-webm-vp8: eb34c28f22e8b96e1ab97ce403110664 -> 
  custom:framework-osx-AVFoundation: e770b220cccbd017edd2c1fefb359320 -> 
  custom:video-decoder-webm-vp8: 9c59270c3fd7afecdb556c50c9e8de78 -> 
  custom:audio-decoder-ogg-vorbis: bf7c407c2cedff20999df2af8eb42d56 -> 
  custom:audio-encoder-webm-vorbis: bf7c407c2cedff20999df2af8eb42d56 -> 
========================================================================
Received Import Request.
  Time since last request: 983.797656 seconds.
  path: Assets/Scripts/TapToPlaceObject.cs
  artifactKey: Guid(3c2dd3f90ee234ccc9b1cea34f849067) Importer(815301076,1909f56bfc062723c751e8b465ee728b)
Start importing Assets/Scripts/TapToPlaceObject.cs using Guid(3c2dd3f90ee234ccc9b1cea34f849067) Importer(815301076,1909f56bfc062723c751e8b465ee728b)  -> (artifact id: '3b02c17c017470ab20c8cb4bbadc9d11') in 0.373952 seconds 
  Import took 0.380974 seconds .

========================================================================
Received Prepare
Registering precompiled user dll's ...
Registered in 0.001719 seconds.
Begin MonoManager ReloadAssembly
Native extension for WindowsStandalone target not found
Native extension for OSXStandalone target not found
Native extension for WebGL target not found
Refreshing native plugins compatible for Editor in 0.85 ms, found 2 plugins.
Preloading 0 native plugins for Editor in 0.00 ms.
Mono: successfully reloaded assembly
- Completed reload, in  1.660 seconds
Domain Reload Profiling:
	ReloadAssembly (1663ms)
		BeginReloadAssembly (235ms)
			ExecutionOrderSort (0ms)
			DisableScriptedObjects (12ms)
			BackupInstance (0ms)
			ReleaseScriptingObjects (0ms)
			CreateAndSetChildDomain (141ms)
		EndReloadAssembly (1344ms)
			LoadAssemblies (97ms)
			RebuildTransferFunctionScriptingTraits (0ms)
			SetupTypeCache (446ms)
			ReleaseScriptCaches (1ms)
			RebuildScriptCaches (91ms)
			SetupLoadedEditorAssemblies (499ms)
				LogAssemblyErrors (0ms)
				InitializePlatformSupportModulesInManaged (12ms)
				SetLoadedEditorAssemblies (1ms)
				RefreshPlugins (1ms)
				BeforeProcessingInitializeOnLoad (200ms)
				ProcessInitializeOnLoadAttributes (279ms)
				ProcessInitializeOnLoadMethodAttributes (4ms)
				AfterProcessingInitializeOnLoad (2ms)
				EditorAssembliesLoaded (0ms)
			ExecutionOrderSort2 (0ms)
			AwakeInstancesAfterBackupRestoration (12ms)
Platform modules already initialized, skipping
Switching build target platform(2) subTarget(0) extendedPlatform(0) -> platform(9) subTarget(16777218) extendedPlatform(0)
Refreshing native plugins compatible for Editor in 0.49 ms, found 2 plugins.
Preloading 0 native plugins for Editor in 0.00 ms.
Unloading 1822 Unused Serialized files (Serialized files now loaded: 0)
System memory in use before: 187.0 MB.
System memory in use after: 187.1 MB.

Unloading 14 unused Assets to reduce memory usage. Loaded Objects now: 2318.
Total: 3.602582 ms (FindLiveObjects: 0.290722 ms CreateObjectMapping: 0.065327 ms MarkObjects: 3.197141 ms  DeleteObjects: 0.048266 ms)

AssetImportParameters requested are different than current active one (requested -> active):
  custom:video-decoder-ogg-theora: a1e56fd34408186e4bbccfd4996cb3dc -> 
  custom:container-muxer-webm: aa71ff27fc2769a1b78a27578f13a17b -> 
  custom:container-demuxer-webm: 4f35f7cbe854078d1ac9338744f61a02 -> 
  custom:container-demuxer-ogg: 62fdf1f143b41e24485cea50d1cbac27 -> 
  custom:video-encoder-webm-vp8: eb34c28f22e8b96e1ab97ce403110664 -> 
  custom:framework-osx-AVFoundation: e770b220cccbd017edd2c1fefb359320 -> 
  custom:video-decoder-webm-vp8: 9c59270c3fd7afecdb556c50c9e8de78 -> 
  custom:graphics/normal-map-encoding: 01000000000000000000000000000000 -> 02000000000000000000000000000000
  custom:audio-decoder-ogg-vorbis: bf7c407c2cedff20999df2af8eb42d56 -> 
  custom:audio-encoder-webm-vorbis: bf7c407c2cedff20999df2af8eb42d56 -> 
========================================================================
Received Prepare
Refreshing native plugins compatible for Editor in 2.64 ms, found 2 plugins.
Preloading 0 native plugins for Editor in 0.00 ms.
Unloading 11 Unused Serialized files (Serialized files now loaded: 0)
System memory in use before: 151.0 MB.
System memory in use after: 151.1 MB.

Unloading 10 unused Assets to reduce memory usage. Loaded Objects now: 2318.
Total: 3.694222 ms (FindLiveObjects: 0.208797 ms CreateObjectMapping: 0.067697 ms MarkObjects: 3.381183 ms  DeleteObjects: 0.035782 ms)

AssetImportParameters requested are different than current active one (requested -> active):
  custom:video-decoder-ogg-theora: a1e56fd34408186e4bbccfd4996cb3dc -> 
  custom:container-muxer-webm: aa71ff27fc2769a1b78a27578f13a17b -> 
  custom:container-demuxer-webm: 4f35f7cbe854078d1ac9338744f61a02 -> 
  custom:container-demuxer-ogg: 62fdf1f143b41e24485cea50d1cbac27 -> 
  custom:video-encoder-webm-vp8: eb34c28f22e8b96e1ab97ce403110664 -> 
  custom:framework-osx-AVFoundation: e770b220cccbd017edd2c1fefb359320 -> 
  custom:video-decoder-webm-vp8: 9c59270c3fd7afecdb556c50c9e8de78 -> 
  custom:audio-decoder-ogg-vorbis: bf7c407c2cedff20999df2af8eb42d56 -> 
  custom:audio-encoder-webm-vorbis: bf7c407c2cedff20999df2af8eb42d56 -> 
========================================================================
Received Prepare
Registering precompiled user dll's ...
Registered in 0.001595 seconds.
Begin MonoManager ReloadAssembly
Native extension for WindowsStandalone target not found
Native extension for OSXStandalone target not found
Native extension for WebGL target not found
Refreshing native plugins compatible for Editor in 0.88 ms, found 2 plugins.
Preloading 0 native plugins for Editor in 0.00 ms.
Mono: successfully reloaded assembly
- Completed reload, in  1.558 seconds
Domain Reload Profiling:
	ReloadAssembly (1558ms)
		BeginReloadAssembly (165ms)
			ExecutionOrderSort (0ms)
			DisableScriptedObjects (6ms)
			BackupInstance (0ms)
			ReleaseScriptingObjects (0ms)
			CreateAndSetChildDomain (92ms)
		EndReloadAssembly (1307ms)
			LoadAssemblies (91ms)
			RebuildTransferFunctionScriptingTraits (0ms)
			SetupTypeCache (449ms)
			ReleaseScriptCaches (1ms)
			RebuildScriptCaches (71ms)
			SetupLoadedEditorAssemblies (509ms)
				LogAssemblyErrors (0ms)
				InitializePlatformSupportModulesInManaged (9ms)
				SetLoadedEditorAssemblies (2ms)
				RefreshPlugins (1ms)
				BeforeProcessingInitializeOnLoad (187ms)
				ProcessInitializeOnLoadAttributes (304ms)
				ProcessInitializeOnLoadMethodAttributes (4ms)
				AfterProcessingInitializeOnLoad (2ms)
				EditorAssembliesLoaded (0ms)
			ExecutionOrderSort2 (0ms)
			AwakeInstancesAfterBackupRestoration (12ms)
Platform modules already initialized, skipping
Switching build target platform(2) subTarget(0) extendedPlatform(0) -> platform(9) subTarget(16777218) extendedPlatform(0)
Refreshing native plugins compatible for Editor in 0.44 ms, found 2 plugins.
Preloading 0 native plugins for Editor in 0.00 ms.
Unloading 1821 Unused Serialized files (Serialized files now loaded: 0)
System memory in use before: 187.2 MB.
System memory in use after: 187.3 MB.

Unloading 13 unused Assets to reduce memory usage. Loaded Objects now: 2321.
Total: 3.203171 ms (FindLiveObjects: 0.196244 ms CreateObjectMapping: 0.063258 ms MarkObjects: 2.907266 ms  DeleteObjects: 0.035377 ms)

AssetImportParameters requested are different than current active one (requested -> active):
  custom:video-decoder-ogg-theora: a1e56fd34408186e4bbccfd4996cb3dc -> 
  custom:container-muxer-webm: aa71ff27fc2769a1b78a27578f13a17b -> 
  custom:container-demuxer-webm: 4f35f7cbe854078d1ac9338744f61a02 -> 
  custom:container-demuxer-ogg: 62fdf1f143b41e24485cea50d1cbac27 -> 
  custom:video-encoder-webm-vp8: eb34c28f22e8b96e1ab97ce403110664 -> 
  custom:framework-osx-AVFoundation: e770b220cccbd017edd2c1fefb359320 -> 
  custom:video-decoder-webm-vp8: 9c59270c3fd7afecdb556c50c9e8de78 -> 
  custom:graphics/normal-map-encoding: 01000000000000000000000000000000 -> 02000000000000000000000000000000
  custom:audio-decoder-ogg-vorbis: bf7c407c2cedff20999df2af8eb42d56 -> 
  custom:audio-encoder-webm-vorbis: bf7c407c2cedff20999df2af8eb42d56 -> 
========================================================================
Received Import Request.
  Time since last request: 1316.611524 seconds.
  path: Assets/Prefabs/FullGame.prefab
  artifactKey: Guid(20a16e09d01a8437cb858eca7c146561) Importer(815301076,1909f56bfc062723c751e8b465ee728b)
Start importing Assets/Prefabs/FullGame.prefab using Guid(20a16e09d01a8437cb858eca7c146561) Importer(815301076,1909f56bfc062723c751e8b465ee728b)  -> (artifact id: '1f893e8891f69af32b3a7d723b957c51') in 2.236638 seconds 
  Import took 2.244432 seconds .

========================================================================
Received Import Request.
  Time since last request: 282.501508 seconds.
  path: Assets/Prefabs/3D_Arrows_by_Peter_Iliev_fbx.FBX
  artifactKey: Guid(b093fa3d16e0446bdace38ed3c06c0d8) Importer(815301076,1909f56bfc062723c751e8b465ee728b)
Start importing Assets/Prefabs/3D_Arrows_by_Peter_Iliev_fbx.FBX using Guid(b093fa3d16e0446bdace38ed3c06c0d8) Importer(815301076,1909f56bfc062723c751e8b465ee728b)  -> (artifact id: '54c9e787b1bf48b00093e554cdf017bb') in 0.405523 seconds 
  Import took 0.411834 seconds .

========================================================================
Received Import Request.
  Time since last request: 0.003143 seconds.
  path: Assets/Prefabs/TestPiece.prefab
  artifactKey: Guid(1891365f58cb541e7b29dcb07bcd2760) Importer(815301076,1909f56bfc062723c751e8b465ee728b)
Start importing Assets/Prefabs/TestPiece.prefab using Guid(1891365f58cb541e7b29dcb07bcd2760) Importer(815301076,1909f56bfc062723c751e8b465ee728b)  -> (artifact id: '7d6fac202ae4fad9272b24ab360240a6') in 0.056931 seconds 
  Import took 0.061268 seconds .

========================================================================
Received Import Request.
  Time since last request: 0.000280 seconds.
  path: Assets/Prefabs/B3.prefab
  artifactKey: Guid(b4ef4ee95207c42ecb2ea07ee19161da) Importer(815301076,1909f56bfc062723c751e8b465ee728b)
Start importing Assets/Prefabs/B3.prefab using Guid(b4ef4ee95207c42ecb2ea07ee19161da) Importer(815301076,1909f56bfc062723c751e8b465ee728b)  -> (artifact id: '3178d1daa361fabeb77f0a230ffeda95') in 0.012085 seconds 
  Import took 0.016811 seconds .

========================================================================
Received Import Request.
  Time since last request: 0.000366 seconds.
  path: Assets/Prefabs/B1 shadow.prefab
  artifactKey: Guid(b54adf6467ac54455b06557816a9e217) Importer(815301076,1909f56bfc062723c751e8b465ee728b)
Start importing Assets/Prefabs/B1 shadow.prefab using Guid(b54adf6467ac54455b06557816a9e217) Importer(815301076,1909f56bfc062723c751e8b465ee728b)  -> (artifact id: '81eb3d88f28a12825dc21925f1f85048') in 0.372235 seconds 
  Import took 0.377167 seconds .

========================================================================
Received Import Request.
  Time since last request: 0.000368 seconds.
  path: Assets/Prefabs/block 1.prefab
  artifactKey: Guid(716877bb4c86d4919a05a4905d22040e) Importer(815301076,1909f56bfc062723c751e8b465ee728b)
Start importing Assets/Prefabs/block 1.prefab using Guid(716877bb4c86d4919a05a4905d22040e) Importer(815301076,1909f56bfc062723c751e8b465ee728b)  -> (artifact id: '1d6d7e46611250cf0e8d6f29b92f2674') in 0.012791 seconds 
  Import took 0.016357 seconds .

========================================================================
Received Import Request.
  Time since last request: 0.000238 seconds.
  path: Assets/Prefabs/Grid.prefab
  artifactKey: Guid(706a6817216f940b08d4a29e3ff20f3e) Importer(815301076,1909f56bfc062723c751e8b465ee728b)
Start importing Assets/Prefabs/Grid.prefab using Guid(706a6817216f940b08d4a29e3ff20f3e) Importer(815301076,1909f56bfc062723c751e8b465ee728b)  -> (artifact id: '0fc35f1c1da649fe2464d6c39bd97440') in 0.036930 seconds 
  Import took 0.040782 seconds .

========================================================================
Received Import Request.
  Time since last request: 0.000240 seconds.
  path: Assets/Prefabs/arrow.fbx
  artifactKey: Guid(89e0b767c9cb14690b8f0ca52c19c9e9) Importer(815301076,1909f56bfc062723c751e8b465ee728b)
Start importing Assets/Prefabs/arrow.fbx using Guid(89e0b767c9cb14690b8f0ca52c19c9e9) Importer(815301076,1909f56bfc062723c751e8b465ee728b)  -> (artifact id: '3f1b1aa2566d1394f7ed0268bfe7981d') in 0.221375 seconds 
  Import took 0.225372 seconds .

========================================================================
Received Import Request.
  Time since last request: 0.003305 seconds.
  path: Assets/Prefabs/block 2.prefab
  artifactKey: Guid(e673bbe835107471d8de8f97d40b9c77) Importer(815301076,1909f56bfc062723c751e8b465ee728b)
Start importing Assets/Prefabs/block 2.prefab using Guid(e673bbe835107471d8de8f97d40b9c77) Importer(815301076,1909f56bfc062723c751e8b465ee728b)  -> (artifact id: 'b77c77ffef10fadf824cf08cd762ff7a') in 0.010629 seconds 
  Import took 0.013756 seconds .

========================================================================
Received Import Request.
  Time since last request: 0.000217 seconds.
  path: Assets/Prefabs/B5.prefab
  artifactKey: Guid(688b00c7bf1e945349d908e140434dfe) Importer(815301076,1909f56bfc062723c751e8b465ee728b)
Start importing Assets/Prefabs/B5.prefab using Guid(688b00c7bf1e945349d908e140434dfe) Importer(815301076,1909f56bfc062723c751e8b465ee728b)  -> (artifact id: '4927a241217ec90a70e5ea2caf59fdb3') in 0.011049 seconds 
  Import took 0.014294 seconds .

========================================================================
Received Import Request.
  Time since last request: 0.000202 seconds.
  path: Assets/Prefabs/B5 shadow.prefab
  artifactKey: Guid(6a17eb845f9824b808669b1caed6224c) Importer(815301076,1909f56bfc062723c751e8b465ee728b)
Start importing Assets/Prefabs/B5 shadow.prefab using Guid(6a17eb845f9824b808669b1caed6224c) Importer(815301076,1909f56bfc062723c751e8b465ee728b)  -> (artifact id: '9898881db9fb8bdfa7984cf9cd4f567e') in 0.010446 seconds 
  Import took 0.013664 seconds .

========================================================================
Received Import Request.
  Time since last request: 0.000277 seconds.
  path: Assets/Prefabs/B3 shadow.prefab
  artifactKey: Guid(8d5a1e60484c149fbb9c16cce6ed271e) Importer(815301076,1909f56bfc062723c751e8b465ee728b)
Start importing Assets/Prefabs/B3 shadow.prefab using Guid(8d5a1e60484c149fbb9c16cce6ed271e) Importer(815301076,1909f56bfc062723c751e8b465ee728b)  -> (artifact id: '9975a27bf6004129b0d9280a1df091db') in 0.010248 seconds 
  Import took 0.013029 seconds .

========================================================================
Received Import Request.
  Time since last request: 0.000234 seconds.
  path: Assets/Prefabs/B1.prefab
  artifactKey: Guid(ee137974030124ce6bdff3c4ac49f99d) Importer(815301076,1909f56bfc062723c751e8b465ee728b)
Start importing Assets/Prefabs/B1.prefab using Guid(ee137974030124ce6bdff3c4ac49f99d) Importer(815301076,1909f56bfc062723c751e8b465ee728b)  -> (artifact id: '9a27d428c0189c20eb5142db7ac5d6e3') in 0.010198 seconds 
  Import took 0.014152 seconds .

========================================================================
Received Import Request.
  Time since last request: 0.000441 seconds.
  path: Assets/Prefabs/B2 shadow.prefab
  artifactKey: Guid(a4a66dfc9eecc4246a5bafb5381be4f9) Importer(815301076,1909f56bfc062723c751e8b465ee728b)
Start importing Assets/Prefabs/B2 shadow.prefab using Guid(a4a66dfc9eecc4246a5bafb5381be4f9) Importer(815301076,1909f56bfc062723c751e8b465ee728b)  -> (artifact id: '11b5c4bd58daf24e10b2083963fae99d') in 0.007798 seconds 
  Import took 0.010699 seconds .

========================================================================
Received Import Request.
  Time since last request: 0.000267 seconds.
  path: Assets/Prefabs/block 5.prefab
  artifactKey: Guid(479bac30593674cb0b5af39acda5cef3) Importer(815301076,1909f56bfc062723c751e8b465ee728b)
Start importing Assets/Prefabs/block 5.prefab using Guid(479bac30593674cb0b5af39acda5cef3) Importer(815301076,1909f56bfc062723c751e8b465ee728b)  -> (artifact id: '90bc8a29da2528de04be3bd4c625e78a') in 0.008980 seconds 
  Import took 0.014344 seconds .

========================================================================
Received Import Request.
  Time since last request: 0.000417 seconds.
  path: Assets/Prefabs/test.prefab
  artifactKey: Guid(30e8b8f4d7c684ef4ac68e59659f39f1) Importer(815301076,1909f56bfc062723c751e8b465ee728b)
Start importing Assets/Prefabs/test.prefab using Guid(30e8b8f4d7c684ef4ac68e59659f39f1) Importer(815301076,1909f56bfc062723c751e8b465ee728b)  -> (artifact id: '8c236f6c489cb6f14402783361fc10b3') in 0.009605 seconds 
  Import took 0.014647 seconds .

========================================================================
Received Import Request.
  Time since last request: 0.000420 seconds.
  path: Assets/Prefabs/block 4.prefab
  artifactKey: Guid(0bf1fde1e66f64234be2f48722054289) Importer(815301076,1909f56bfc062723c751e8b465ee728b)
Start importing Assets/Prefabs/block 4.prefab using Guid(0bf1fde1e66f64234be2f48722054289) Importer(815301076,1909f56bfc062723c751e8b465ee728b)  -> (artifact id: '2eee9b28538fbfeffb86dbf856fc37e3') in 0.010202 seconds 
  Import took 0.013930 seconds .

========================================================================
Received Import Request.
  Time since last request: 0.000260 seconds.
  path: Assets/Prefabs/B4.prefab
  artifactKey: Guid(597d27c9f84f744d4bbf21b96e7450b1) Importer(815301076,1909f56bfc062723c751e8b465ee728b)
Start importing Assets/Prefabs/B4.prefab using Guid(597d27c9f84f744d4bbf21b96e7450b1) Importer(815301076,1909f56bfc062723c751e8b465ee728b)  -> (artifact id: '947f3e1bc62e5f8f9e144b1647be06c5') in 0.007960 seconds 
  Import took 0.011222 seconds .

========================================================================
Received Import Request.
  Time since last request: 0.000216 seconds.
  path: Assets/Prefabs/block 3.prefab
  artifactKey: Guid(e33764de2d6f74a5e80d3f12b2450cbf) Importer(815301076,1909f56bfc062723c751e8b465ee728b)
Start importing Assets/Prefabs/block 3.prefab using Guid(e33764de2d6f74a5e80d3f12b2450cbf) Importer(815301076,1909f56bfc062723c751e8b465ee728b)  -> (artifact id: '0598cb6cb43857d7a93aa48a43c3e10e') in 0.011416 seconds 
  Import took 0.014747 seconds .

========================================================================
Received Import Request.
  Time since last request: 0.000409 seconds.
  path: Assets/Prefabs/B2.prefab
  artifactKey: Guid(fae27e143ff744ec786ee27437527b29) Importer(815301076,1909f56bfc062723c751e8b465ee728b)
Start importing Assets/Prefabs/B2.prefab using Guid(fae27e143ff744ec786ee27437527b29) Importer(815301076,1909f56bfc062723c751e8b465ee728b)  -> (artifact id: 'dcb721382f260e7c7ac9fc91349851c7') in 0.008644 seconds 
  Import took 0.012630 seconds .

========================================================================
Received Import Request.
  Time since last request: 0.000210 seconds.
  path: Assets/Prefabs/B4 shadow.prefab
  artifactKey: Guid(339eb1b9796be44328fa34be0f22084e) Importer(815301076,1909f56bfc062723c751e8b465ee728b)
Start importing Assets/Prefabs/B4 shadow.prefab using Guid(339eb1b9796be44328fa34be0f22084e) Importer(815301076,1909f56bfc062723c751e8b465ee728b)  -> (artifact id: 'bac42a46727ce5646eaa48d72236eb41') in 0.010491 seconds 
  Import took 0.014048 seconds .

========================================================================
Received Prepare
Refreshing native plugins compatible for Editor in 2.18 ms, found 2 plugins.
Preloading 0 native plugins for Editor in 0.00 ms.
Unloading 11 Unused Serialized files (Serialized files now loaded: 0)
System memory in use before: 167.7 MB.
System memory in use after: 167.8 MB.

Unloading 13 unused Assets to reduce memory usage. Loaded Objects now: 2367.
Total: 4.136339 ms (FindLiveObjects: 0.289913 ms CreateObjectMapping: 0.063668 ms MarkObjects: 3.727080 ms  DeleteObjects: 0.045609 ms)

AssetImportParameters requested are different than current active one (requested -> active):
  custom:video-decoder-ogg-theora: a1e56fd34408186e4bbccfd4996cb3dc -> 
  custom:container-muxer-webm: aa71ff27fc2769a1b78a27578f13a17b -> 
  custom:container-demuxer-webm: 4f35f7cbe854078d1ac9338744f61a02 -> 
  custom:container-demuxer-ogg: 62fdf1f143b41e24485cea50d1cbac27 -> 
  custom:video-encoder-webm-vp8: eb34c28f22e8b96e1ab97ce403110664 -> 
  custom:framework-osx-AVFoundation: e770b220cccbd017edd2c1fefb359320 -> 
  custom:video-decoder-webm-vp8: 9c59270c3fd7afecdb556c50c9e8de78 -> 
  custom:audio-decoder-ogg-vorbis: bf7c407c2cedff20999df2af8eb42d56 -> 
  custom:audio-encoder-webm-vorbis: bf7c407c2cedff20999df2af8eb42d56 -> 
========================================================================
Received Import Request.
  Time since last request: 520.779151 seconds.
  path: Assets/Prefabs/FullGame.prefab
  artifactKey: Guid(20a16e09d01a8437cb858eca7c146561) Importer(815301076,1909f56bfc062723c751e8b465ee728b)
Start importing Assets/Prefabs/FullGame.prefab using Guid(20a16e09d01a8437cb858eca7c146561) Importer(815301076,1909f56bfc062723c751e8b465ee728b)  -> (artifact id: '0ef94172dd19c6e5a23f7910e213df88') in 0.053729 seconds 
  Import took 0.059650 seconds .

========================================================================
Received Import Request.
  Time since last request: 0.534849 seconds.
  path: Assets/Prefabs/FullGame.prefab
  artifactKey: Guid(20a16e09d01a8437cb858eca7c146561) Importer(815301076,1909f56bfc062723c751e8b465ee728b)
Start importing Assets/Prefabs/FullGame.prefab using Guid(20a16e09d01a8437cb858eca7c146561) Importer(815301076,1909f56bfc062723c751e8b465ee728b)  -> (artifact id: '4e1ae08e59d47863177b4e085ff85f37') in 0.043101 seconds 
  Import took 0.049382 seconds .

========================================================================
Received Import Request.
  Time since last request: 1.156181 seconds.
  path: Assets/Prefabs/FullGame.prefab
  artifactKey: Guid(20a16e09d01a8437cb858eca7c146561) Importer(815301076,1909f56bfc062723c751e8b465ee728b)
Start importing Assets/Prefabs/FullGame.prefab using Guid(20a16e09d01a8437cb858eca7c146561) Importer(815301076,1909f56bfc062723c751e8b465ee728b)  -> (artifact id: '339d9bf579586de8280cab6b99a8d2b1') in 0.045182 seconds 
  Import took 0.051453 seconds .

========================================================================
Received Prepare
Refreshing native plugins compatible for Editor in 1.80 ms, found 2 plugins.
Preloading 0 native plugins for Editor in 0.00 ms.
Unloading 11 Unused Serialized files (Serialized files now loaded: 0)
System memory in use before: 167.6 MB.
System memory in use after: 167.7 MB.

Unloading 12 unused Assets to reduce memory usage. Loaded Objects now: 2367.
Total: 4.371966 ms (FindLiveObjects: 0.292876 ms CreateObjectMapping: 0.065328 ms MarkObjects: 3.969431 ms  DeleteObjects: 0.043638 ms)

AssetImportParameters requested are different than current active one (requested -> active):
  custom:video-decoder-ogg-theora: a1e56fd34408186e4bbccfd4996cb3dc -> 
  custom:container-muxer-webm: aa71ff27fc2769a1b78a27578f13a17b -> 
  custom:container-demuxer-webm: 4f35f7cbe854078d1ac9338744f61a02 -> 
  custom:container-demuxer-ogg: 62fdf1f143b41e24485cea50d1cbac27 -> 
  custom:video-encoder-webm-vp8: eb34c28f22e8b96e1ab97ce403110664 -> 
  custom:framework-osx-AVFoundation: e770b220cccbd017edd2c1fefb359320 -> 
  custom:video-decoder-webm-vp8: 9c59270c3fd7afecdb556c50c9e8de78 -> 
  custom:audio-decoder-ogg-vorbis: bf7c407c2cedff20999df2af8eb42d56 -> 
  custom:audio-encoder-webm-vorbis: bf7c407c2cedff20999df2af8eb42d56 -> 
========================================================================
Received Import Request.
  Time since last request: 341.015787 seconds.
  path: Assets/Prefabs/FullGame.prefab
  artifactKey: Guid(20a16e09d01a8437cb858eca7c146561) Importer(815301076,1909f56bfc062723c751e8b465ee728b)
Start importing Assets/Prefabs/FullGame.prefab using Guid(20a16e09d01a8437cb858eca7c146561) Importer(815301076,1909f56bfc062723c751e8b465ee728b)  -> (artifact id: '623a48d29985fd3ebffb61837bdcc36d') in 0.066565 seconds 
  Import took 0.075033 seconds .

========================================================================
Received Import Request.
  Time since last request: 1.114142 seconds.
  path: Assets/Prefabs/FullGame.prefab
  artifactKey: Guid(20a16e09d01a8437cb858eca7c146561) Importer(815301076,1909f56bfc062723c751e8b465ee728b)
Start importing Assets/Prefabs/FullGame.prefab using Guid(20a16e09d01a8437cb858eca7c146561) Importer(815301076,1909f56bfc062723c751e8b465ee728b)  -> (artifact id: '3f452c1157419ba437fb3cb05d12c2b1') in 0.048084 seconds 
  Import took 0.054203 seconds .

========================================================================
Received Import Request.
  Time since last request: 350.463893 seconds.
  path: Assets/White Black GUI/icons8-3d-rotate-64 (1) 1.png
  artifactKey: Guid(17427504eb608473e8467cdf86c592fc) Importer(815301076,1909f56bfc062723c751e8b465ee728b)
Start importing Assets/White Black GUI/icons8-3d-rotate-64 (1) 1.png using Guid(17427504eb608473e8467cdf86c592fc) Importer(815301076,1909f56bfc062723c751e8b465ee728b)  -> (artifact id: 'a629a3c1d4a155d7fb34b3aba31c906c') in 1.110256 seconds 
  Import took 1.115692 seconds .

========================================================================
Received Import Request.
  Time since last request: 0.004947 seconds.
  path: Assets/White Black GUI/icons8-3d-rotate-64.png
  artifactKey: Guid(ccbea2a814c26482baec389e8f4340e1) Importer(815301076,1909f56bfc062723c751e8b465ee728b)
Start importing Assets/White Black GUI/icons8-3d-rotate-64.png using Guid(ccbea2a814c26482baec389e8f4340e1) Importer(815301076,1909f56bfc062723c751e8b465ee728b)  -> (artifact id: '070dfb85e70fa9183dbc1c3a122d7c38') in 0.015844 seconds 
  Import took 0.021001 seconds .

========================================================================
Received Import Request.
  Time since last request: 0.000240 seconds.
  path: Assets/White Black GUI/icons8-3d-rotate-64 (1).png
  artifactKey: Guid(07660f2c941e84bb28ae875bf793b5c6) Importer(815301076,1909f56bfc062723c751e8b465ee728b)
Start importing Assets/White Black GUI/icons8-3d-rotate-64 (1).png using Guid(07660f2c941e84bb28ae875bf793b5c6) Importer(815301076,1909f56bfc062723c751e8b465ee728b)  -> (artifact id: 'e6f39b76676eaaaa5b0164f9a03f3983') in 0.014074 seconds 
  Import took 0.017734 seconds .

========================================================================
Received Import Request.
  Time since last request: 0.000264 seconds.
  path: Assets/White Black GUI/icons8-rotate-left-50.png
  artifactKey: Guid(c75755d2201874007885a1727d5873b2) Importer(815301076,1909f56bfc062723c751e8b465ee728b)
Start importing Assets/White Black GUI/icons8-rotate-left-50.png using Guid(c75755d2201874007885a1727d5873b2) Importer(815301076,1909f56bfc062723c751e8b465ee728b)  -> (artifact id: 'c0bc96db9bec9dfaf7eddf4562eb9242') in 0.017070 seconds 
  Import took 0.021492 seconds .

========================================================================
Received Import Request.
  Time since last request: 1.834940 seconds.
  path: Packages/com.unity.xr.arfoundation/package.json
  artifactKey: Guid(08e6a1d1bc87fb6408c3e916a260691b) Importer(815301076,1909f56bfc062723c751e8b465ee728b)
Start importing Packages/com.unity.xr.arfoundation/package.json using Guid(08e6a1d1bc87fb6408c3e916a260691b) Importer(815301076,1909f56bfc062723c751e8b465ee728b)  -> (artifact id: '3443da8e953e2c7b9a3b40147ff97c33') in 1.969486 seconds 
  Import took 1.973792 seconds .

========================================================================
Received Import Request.
  Time since last request: 1.738308 seconds.
  path: Packages/com.unity.xr.arfoundation/Materials
  artifactKey: Guid(e6b8dc4e2997217428ebdd00450ce884) Importer(815301076,1909f56bfc062723c751e8b465ee728b)
Start importing Packages/com.unity.xr.arfoundation/Materials using Guid(e6b8dc4e2997217428ebdd00450ce884) Importer(815301076,1909f56bfc062723c751e8b465ee728b)  -> (artifact id: '8bce91c44a4981306652a89be8b0ab76') in 0.001779 seconds 
  Import took 0.005689 seconds .

========================================================================
Received Import Request.
  Time since last request: 0.075883 seconds.
  path: Packages/com.unity.xr.arfoundation/Materials/DebugFace.mat
  artifactKey: Guid(35bd980c8f2234e3d8b640e25a677d65) Importer(815301076,1909f56bfc062723c751e8b465ee728b)
Start importing Packages/com.unity.xr.arfoundation/Materials/DebugFace.mat using Guid(35bd980c8f2234e3d8b640e25a677d65) Importer(815301076,1909f56bfc062723c751e8b465ee728b)  -> (artifact id: 'b775d5240a537cadaa102879a9b59061') in 0.356453 seconds 
  Import took 0.360362 seconds .

========================================================================
Received Import Request.
  Time since last request: 0.002512 seconds.
  path: Packages/com.unity.xr.arfoundation/Materials/DebugPlane.mat
  artifactKey: Guid(f1a110d32af21aa4d872c707dfcc6043) Importer(815301076,1909f56bfc062723c751e8b465ee728b)
Start importing Packages/com.unity.xr.arfoundation/Materials/DebugPlane.mat using Guid(f1a110d32af21aa4d872c707dfcc6043) Importer(815301076,1909f56bfc062723c751e8b465ee728b)  -> (artifact id: '867c37191734b83677301b6e336cd9ff') in 0.387459 seconds 
  Import took 0.391385 seconds .

========================================================================
Received Import Request.
  Time since last request: 2.254012 seconds.
  path: Packages/com.unity.xr.arfoundation/Editor
  artifactKey: Guid(d640407051394e845b5a2644547e9f7d) Importer(815301076,1909f56bfc062723c751e8b465ee728b)
Start importing Packages/com.unity.xr.arfoundation/Editor using Guid(d640407051394e845b5a2644547e9f7d) Importer(815301076,1909f56bfc062723c751e8b465ee728b)  -> (artifact id: 'ff4acefb747cd9f9d2e14628c6faa818') in 0.001349 seconds 
  Import took 0.006038 seconds .

========================================================================
Received Import Request.
  Time since last request: 0.042807 seconds.
  path: Packages/com.unity.xr.arfoundation/Editor/Unity.XR.ARFoundation.Editor.asmdef
  artifactKey: Guid(7f759c464cb5ea8448d441f13b57aec0) Importer(815301076,1909f56bfc062723c751e8b465ee728b)
Start importing Packages/com.unity.xr.arfoundation/Editor/Unity.XR.ARFoundation.Editor.asmdef using Guid(7f759c464cb5ea8448d441f13b57aec0) Importer(815301076,1909f56bfc062723c751e8b465ee728b)  -> (artifact id: '5142d7a66db63b245ba7f5caab466854') in 0.175187 seconds 
  Import took 0.179640 seconds .

========================================================================
Received Import Request.
  Time since last request: 4.674863 seconds.
  path: Packages/com.unity.xr.arfoundation/Editor/Icons
  artifactKey: Guid(366b943182f744abca717ffdf2049625) Importer(815301076,1909f56bfc062723c751e8b465ee728b)
Start importing Packages/com.unity.xr.arfoundation/Editor/Icons using Guid(366b943182f744abca717ffdf2049625) Importer(815301076,1909f56bfc062723c751e8b465ee728b)  -> (artifact id: '817796e028c6feb385deeefe6a5fbbd3') in 0.003132 seconds 
  Import took 0.006857 seconds .

========================================================================
Received Import Request.
  Time since last request: 0.570547 seconds.
  path: Packages/com.unity.xr.arfoundation/Editor/Icons/ARVR@4x.png
  artifactKey: Guid(e7df757aba3e54a11a832b1b8cbe5aaa) Importer(815301076,1909f56bfc062723c751e8b465ee728b)
Start importing Packages/com.unity.xr.arfoundation/Editor/Icons/ARVR@4x.png using Guid(e7df757aba3e54a11a832b1b8cbe5aaa) Importer(815301076,1909f56bfc062723c751e8b465ee728b)  -> (artifact id: '127919d5049593bf8bf7f0a83093dbbf') in 0.010772 seconds 
  Import took 0.015193 seconds .

========================================================================
Received Import Request.
  Time since last request: 0.000298 seconds.
  path: Packages/com.unity.xr.arfoundation/Editor/Icons/d_ARVR@4x.png
  artifactKey: Guid(8236c695e72414e7889fb3f4d8226fde) Importer(815301076,1909f56bfc062723c751e8b465ee728b)
Start importing Packages/com.unity.xr.arfoundation/Editor/Icons/d_ARVR@4x.png using Guid(8236c695e72414e7889fb3f4d8226fde) Importer(815301076,1909f56bfc062723c751e8b465ee728b)  -> (artifact id: '34f31e92cb0d75c86ce0a83d89bf8030') in 0.010045 seconds 
  Import took 0.013258 seconds .

========================================================================
Received Import Request.
  Time since last request: 5.407623 seconds.
  path: Packages/com.unity.xr.arfoundation/Runtime/Unity.XR.ARFoundation.asmdef
  artifactKey: Guid(a9420e37d7990b54abdef6688edbe313) Importer(815301076,1909f56bfc062723c751e8b465ee728b)
Start importing Packages/com.unity.xr.arfoundation/Runtime/Unity.XR.ARFoundation.asmdef using Guid(a9420e37d7990b54abdef6688edbe313) Importer(815301076,1909f56bfc062723c751e8b465ee728b)  -> (artifact id: 'd077032b3e6c8071cdfba3c56080e1d8') in 0.003692 seconds 
  Import took 0.008416 seconds .

========================================================================
Received Import Request.
  Time since last request: 2.432799 seconds.
  path: Packages/com.unity.xr.arfoundation/Runtime/AR
  artifactKey: Guid(6086591be400b46bea7bc39a491b23a9) Importer(815301076,1909f56bfc062723c751e8b465ee728b)
Start importing Packages/com.unity.xr.arfoundation/Runtime/AR using Guid(6086591be400b46bea7bc39a491b23a9) Importer(815301076,1909f56bfc062723c751e8b465ee728b)  -> (artifact id: '3051f927042ea383a6ad36fe9f091d0b') in 0.002699 seconds 
  Import took 0.006357 seconds .

========================================================================
Received Import Request.
  Time since last request: 11.248851 seconds.
  path: Packages/com.unity.xr.arfoundation/Runtime/AR/ARRaycastManager.cs
  artifactKey: Guid(fa17d122634046b4a8e23048891fafc5) Importer(815301076,1909f56bfc062723c751e8b465ee728b)
Start importing Packages/com.unity.xr.arfoundation/Runtime/AR/ARRaycastManager.cs using Guid(fa17d122634046b4a8e23048891fafc5) Importer(815301076,1909f56bfc062723c751e8b465ee728b)  -> (artifact id: 'f7bc0ddd115a07095f40919b6961cf08') in 0.006007 seconds 
  Import took 0.010028 seconds .

========================================================================
Received Import Request.
  Time since last request: 3.555895 seconds.
  path: Packages/com.unity.xr.arfoundation/Runtime/AR/ARRaycastHit.cs
  artifactKey: Guid(d933471f829ecae49a9e46d639ad5f54) Importer(815301076,1909f56bfc062723c751e8b465ee728b)
Start importing Packages/com.unity.xr.arfoundation/Runtime/AR/ARRaycastHit.cs using Guid(d933471f829ecae49a9e46d639ad5f54) Importer(815301076,1909f56bfc062723c751e8b465ee728b)  -> (artifact id: 'ae47a5c5fb043654bb5c534a8d392c78') in 0.002704 seconds 
  Import took 0.007561 seconds .

========================================================================
Received Import Request.
  Time since last request: 2.717216 seconds.
  path: Packages/com.unity.xr.arfoundation/Runtime/AR/ARPoseDriver.cs
  artifactKey: Guid(6e3c44306fb1e439a9f18b2212b8ab70) Importer(815301076,1909f56bfc062723c751e8b465ee728b)
Start importing Packages/com.unity.xr.arfoundation/Runtime/AR/ARPoseDriver.cs using Guid(6e3c44306fb1e439a9f18b2212b8ab70) Importer(815301076,1909f56bfc062723c751e8b465ee728b)  -> (artifact id: '67188ff5a899654e4a22e0f76edbfe40') in 0.002268 seconds 
  Import took 0.006010 seconds .

========================================================================
Received Import Request.
  Time since last request: 69.105800 seconds.
  path: Packages/com.unity.xr.arfoundation/Tests/Editor
  artifactKey: Guid(9ad0ffaab255f4cfab1994be2e2ebc68) Importer(815301076,1909f56bfc062723c751e8b465ee728b)
Start importing Packages/com.unity.xr.arfoundation/Tests/Editor using Guid(9ad0ffaab255f4cfab1994be2e2ebc68) Importer(815301076,1909f56bfc062723c751e8b465ee728b)  -> (artifact id: '9f5cb7a3d77839856c5a6f94161c323e') in 0.001226 seconds 
  Import took 0.005505 seconds .

========================================================================
Received Import Request.
  Time since last request: 0.051610 seconds.
  path: Packages/com.unity.xr.arfoundation/Tests/Editor/Unity.XR.ARFoundation.Editor.Tests.asmdef
  artifactKey: Guid(38f077d5b26004b23a92d4cf1d38e163) Importer(815301076,1909f56bfc062723c751e8b465ee728b)
Start importing Packages/com.unity.xr.arfoundation/Tests/Editor/Unity.XR.ARFoundation.Editor.Tests.asmdef using Guid(38f077d5b26004b23a92d4cf1d38e163) Importer(815301076,1909f56bfc062723c751e8b465ee728b)  -> (artifact id: '90aa3645a8f97d572e75f8e67a4d0409') in 0.004141 seconds 
  Import took 0.008422 seconds .

========================================================================
Received Import Request.
  Time since last request: 2.219144 seconds.
  path: Packages/com.unity.xr.arfoundation/Tests/Runtime
  artifactKey: Guid(554908fd6237944259cc7f3868a820ff) Importer(815301076,1909f56bfc062723c751e8b465ee728b)
Start importing Packages/com.unity.xr.arfoundation/Tests/Runtime using Guid(554908fd6237944259cc7f3868a820ff) Importer(815301076,1909f56bfc062723c751e8b465ee728b)  -> (artifact id: '7ffaafa490e7beef76079e01a70c83c4') in 0.001715 seconds 
  Import took 0.005226 seconds .

========================================================================
Received Import Request.
  Time since last request: 0.056547 seconds.
  path: Packages/com.unity.xr.arfoundation/Tests/Runtime/Unity.XR.ARFoundation.Runtime.Tests.asmdef
  artifactKey: Guid(837c14ed651d4f64b6a0abb5eb836fdc) Importer(815301076,1909f56bfc062723c751e8b465ee728b)
Start importing Packages/com.unity.xr.arfoundation/Tests/Runtime/Unity.XR.ARFoundation.Runtime.Tests.asmdef using Guid(837c14ed651d4f64b6a0abb5eb836fdc) Importer(815301076,1909f56bfc062723c751e8b465ee728b)  -> (artifact id: '21f191a4ccb93349b2dbb8f84c702b7b') in 0.003314 seconds 
  Import took 0.007314 seconds .

========================================================================
Received Import Request.
  Time since last request: 5.984231 seconds.
  path: Packages/com.unity.xr.arsubsystems/package.json
  artifactKey: Guid(138de250db28475c974590f762d87650) Importer(815301076,1909f56bfc062723c751e8b465ee728b)
Start importing Packages/com.unity.xr.arsubsystems/package.json using Guid(138de250db28475c974590f762d87650) Importer(815301076,1909f56bfc062723c751e8b465ee728b)  -> (artifact id: '6268f9cffbb060aed24d7a6cea9b199c') in 0.003440 seconds 
  Import took 0.007832 seconds .

========================================================================
Received Import Request.
  Time since last request: 3.115762 seconds.
  path: Packages/com.unity.xr.arsubsystems/Runtime
  artifactKey: Guid(d849a297add04720b454eb5b398a201c) Importer(815301076,1909f56bfc062723c751e8b465ee728b)
Start importing Packages/com.unity.xr.arsubsystems/Runtime using Guid(d849a297add04720b454eb5b398a201c) Importer(815301076,1909f56bfc062723c751e8b465ee728b)  -> (artifact id: 'b862bf00ab929afe782e567f51bd03ff') in 0.002817 seconds 
  Import took 0.007644 seconds .

========================================================================
Received Import Request.
  Time since last request: 4.834815 seconds.
  path: Packages/com.unity.xr.arsubsystems/Runtime/Unity.XR.ARSubsystems.asmdef
  artifactKey: Guid(92703082f92b41ba80f0d6912de66115) Importer(815301076,1909f56bfc062723c751e8b465ee728b)
Start importing Packages/com.unity.xr.arsubsystems/Runtime/Unity.XR.ARSubsystems.asmdef using Guid(92703082f92b41ba80f0d6912de66115) Importer(815301076,1909f56bfc062723c751e8b465ee728b)  -> (artifact id: '43e6c8f84d0ca9ad05dcf5921bc7b109') in 0.002997 seconds 
  Import took 0.008982 seconds .

========================================================================
Received Import Request.
  Time since last request: 7.704993 seconds.
  path: Packages/com.unity.xr.arsubsystems/Runtime/RaycastSubsystem
  artifactKey: Guid(735f1b61039e3234cb4a34ff9899306b) Importer(815301076,1909f56bfc062723c751e8b465ee728b)
Start importing Packages/com.unity.xr.arsubsystems/Runtime/RaycastSubsystem using Guid(735f1b61039e3234cb4a34ff9899306b) Importer(815301076,1909f56bfc062723c751e8b465ee728b)  -> (artifact id: '31653857e11b430124df41660bdea67e') in 0.003130 seconds 
  Import took 0.006627 seconds .

========================================================================
Received Import Request.
  Time since last request: 3.638845 seconds.
  path: Packages/com.unity.xr.arsubsystems/Runtime/RaycastSubsystem/XRRaycastSubsystem.cs
  artifactKey: Guid(d182b000d5d4a1b4a9a2575b9ab48c15) Importer(815301076,1909f56bfc062723c751e8b465ee728b)
Start importing Packages/com.unity.xr.arsubsystems/Runtime/RaycastSubsystem/XRRaycastSubsystem.cs using Guid(d182b000d5d4a1b4a9a2575b9ab48c15) Importer(815301076,1909f56bfc062723c751e8b465ee728b)  -> (artifact id: '9d188242f0106ed4defd74c24a1d1450') in 0.002103 seconds 
  Import took 0.007144 seconds .

========================================================================
Received Import Request.
  Time since last request: 0.873703 seconds.
  path: Packages/com.unity.xr.arsubsystems/Runtime/RaycastSubsystem/XRRaycastSubsystemDescriptor.cs
  artifactKey: Guid(707eb5d73cde13d4ab662341bf14c90b) Importer(815301076,1909f56bfc062723c751e8b465ee728b)
Start importing Packages/com.unity.xr.arsubsystems/Runtime/RaycastSubsystem/XRRaycastSubsystemDescriptor.cs using Guid(707eb5d73cde13d4ab662341bf14c90b) Importer(815301076,1909f56bfc062723c751e8b465ee728b)  -> (artifact id: 'ca0ad6f8942c286152d0ba5a0cbf9f0c') in 0.002346 seconds 
  Import took 0.006491 seconds .

========================================================================
Received Import Request.
  Time since last request: 1.645448 seconds.
  path: Packages/com.unity.xr.arsubsystems/Runtime/RaycastSubsystem/XRRaycastHit.cs
  artifactKey: Guid(6c267745db420b642bf89df9573f8a27) Importer(815301076,1909f56bfc062723c751e8b465ee728b)
Start importing Packages/com.unity.xr.arsubsystems/Runtime/RaycastSubsystem/XRRaycastHit.cs using Guid(6c267745db420b642bf89df9573f8a27) Importer(815301076,1909f56bfc062723c751e8b465ee728b)  -> (artifact id: '5e4a9944b69e01e0eeb54bd634b4657b') in 0.002515 seconds 
  Import took 0.006663 seconds .

========================================================================
Received Import Request.
  Time since last request: 1.157057 seconds.
  path: Packages/com.unity.xr.arsubsystems/Runtime/RaycastSubsystem/XRRaycast.cs
  artifactKey: Guid(da24fabe68b584b7db4ef705632ef878) Importer(815301076,1909f56bfc062723c751e8b465ee728b)
Start importing Packages/com.unity.xr.arsubsystems/Runtime/RaycastSubsystem/XRRaycast.cs using Guid(da24fabe68b584b7db4ef705632ef878) Importer(815301076,1909f56bfc062723c751e8b465ee728b)  -> (artifact id: '914b43885eba891968a120bd1a689b6d') in 0.002031 seconds 
  Import took 0.005866 seconds .

========================================================================
Received Import Request.
  Time since last request: 0.716308 seconds.
  path: Packages/com.unity.xr.arsubsystems/Runtime/RaycastSubsystem/TrackableType.cs
  artifactKey: Guid(4f99aa427bf379d46a03fba6e8f21cf1) Importer(815301076,1909f56bfc062723c751e8b465ee728b)
Start importing Packages/com.unity.xr.arsubsystems/Runtime/RaycastSubsystem/TrackableType.cs using Guid(4f99aa427bf379d46a03fba6e8f21cf1) Importer(815301076,1909f56bfc062723c751e8b465ee728b)  -> (artifact id: '95977e87e3bdd7c9193d32c758e42c11') in 0.002320 seconds 
  Import took 0.007193 seconds .

========================================================================
Received Import Request.
  Time since last request: 188.857467 seconds.
  path: Assets/Prefabs/ARRaycast.prefab
  artifactKey: Guid(ce39d389c1a574c809eb4d6a272c1064) Importer(815301076,1909f56bfc062723c751e8b465ee728b)
Start importing Assets/Prefabs/ARRaycast.prefab using Guid(ce39d389c1a574c809eb4d6a272c1064) Importer(815301076,1909f56bfc062723c751e8b465ee728b)  -> (artifact id: 'd05b8517e3c21e082b967b6c9629cf26') in 0.006202 seconds 
  Import took 0.011180 seconds .

========================================================================
Received Prepare
Refreshing native plugins compatible for Editor in 4.21 ms, found 2 plugins.
Preloading 0 native plugins for Editor in 0.00 ms.
Unloading 11 Unused Serialized files (Serialized files now loaded: 0)
System memory in use before: 184.9 MB.
System memory in use after: 185.0 MB.

Unloading 12 unused Assets to reduce memory usage. Loaded Objects now: 2372.
Total: 4.503901 ms (FindLiveObjects: 0.292732 ms CreateObjectMapping: 0.069564 ms MarkObjects: 4.081932 ms  DeleteObjects: 0.058695 ms)

AssetImportParameters requested are different than current active one (requested -> active):
  custom:video-decoder-ogg-theora: a1e56fd34408186e4bbccfd4996cb3dc -> 
  custom:container-muxer-webm: aa71ff27fc2769a1b78a27578f13a17b -> 
  custom:container-demuxer-webm: 4f35f7cbe854078d1ac9338744f61a02 -> 
  custom:container-demuxer-ogg: 62fdf1f143b41e24485cea50d1cbac27 -> 
  custom:video-encoder-webm-vp8: eb34c28f22e8b96e1ab97ce403110664 -> 
  custom:framework-osx-AVFoundation: e770b220cccbd017edd2c1fefb359320 -> 
  custom:video-decoder-webm-vp8: 9c59270c3fd7afecdb556c50c9e8de78 -> 
  custom:audio-decoder-ogg-vorbis: bf7c407c2cedff20999df2af8eb42d56 -> 
  custom:audio-encoder-webm-vorbis: bf7c407c2cedff20999df2af8eb42d56 -> 
========================================================================
Received Prepare
Refreshing native plugins compatible for Editor in 4.39 ms, found 2 plugins.
Preloading 0 native plugins for Editor in 0.00 ms.
Unloading 11 Unused Serialized files (Serialized files now loaded: 0)
System memory in use before: 184.9 MB.
System memory in use after: 185.0 MB.

Unloading 10 unused Assets to reduce memory usage. Loaded Objects now: 2372.
Total: 21.828705 ms (FindLiveObjects: 1.072177 ms CreateObjectMapping: 0.101383 ms MarkObjects: 20.528300 ms  DeleteObjects: 0.125742 ms)

AssetImportParameters requested are different than current active one (requested -> active):
  custom:video-decoder-ogg-theora: a1e56fd34408186e4bbccfd4996cb3dc -> 
  custom:container-muxer-webm: aa71ff27fc2769a1b78a27578f13a17b -> 
  custom:container-demuxer-webm: 4f35f7cbe854078d1ac9338744f61a02 -> 
  custom:container-demuxer-ogg: 62fdf1f143b41e24485cea50d1cbac27 -> 
  custom:video-encoder-webm-vp8: eb34c28f22e8b96e1ab97ce403110664 -> 
  custom:framework-osx-AVFoundation: e770b220cccbd017edd2c1fefb359320 -> 
  custom:video-decoder-webm-vp8: 9c59270c3fd7afecdb556c50c9e8de78 -> 
  custom:audio-decoder-ogg-vorbis: bf7c407c2cedff20999df2af8eb42d56 -> 
  custom:audio-encoder-webm-vorbis: bf7c407c2cedff20999df2af8eb42d56 -> 
========================================================================
Received Prepare
Registering precompiled user dll's ...
Registered in 0.001665 seconds.
Begin MonoManager ReloadAssembly
Native extension for WindowsStandalone target not found
Native extension for OSXStandalone target not found
Native extension for WebGL target not found
Refreshing native plugins compatible for Editor in 0.45 ms, found 2 plugins.
Preloading 0 native plugins for Editor in 0.00 ms.
Mono: successfully reloaded assembly
- Completed reload, in  1.537 seconds
Domain Reload Profiling:
	ReloadAssembly (1538ms)
		BeginReloadAssembly (237ms)
			ExecutionOrderSort (0ms)
			DisableScriptedObjects (10ms)
			BackupInstance (0ms)
			ReleaseScriptingObjects (0ms)
			CreateAndSetChildDomain (151ms)
		EndReloadAssembly (1212ms)
			LoadAssemblies (94ms)
			RebuildTransferFunctionScriptingTraits (0ms)
			SetupTypeCache (416ms)
			ReleaseScriptCaches (1ms)
			RebuildScriptCaches (67ms)
			SetupLoadedEditorAssemblies (446ms)
				LogAssemblyErrors (0ms)
				InitializePlatformSupportModulesInManaged (8ms)
				SetLoadedEditorAssemblies (1ms)
				RefreshPlugins (0ms)
				BeforeProcessingInitializeOnLoad (158ms)
				ProcessInitializeOnLoadAttributes (272ms)
				ProcessInitializeOnLoadMethodAttributes (4ms)
				AfterProcessingInitializeOnLoad (2ms)
				EditorAssembliesLoaded (0ms)
			ExecutionOrderSort2 (0ms)
			AwakeInstancesAfterBackupRestoration (12ms)
Platform modules already initialized, skipping
Switching build target platform(2) subTarget(0) extendedPlatform(0) -> platform(9) subTarget(16777218) extendedPlatform(0)
Refreshing native plugins compatible for Editor in 0.48 ms, found 2 plugins.
Preloading 0 native plugins for Editor in 0.00 ms.
Unloading 1821 Unused Serialized files (Serialized files now loaded: 0)
System memory in use before: 218.5 MB.
System memory in use after: 218.6 MB.

Unloading 13 unused Assets to reduce memory usage. Loaded Objects now: 2375.
Total: 3.542514 ms (FindLiveObjects: 0.216839 ms CreateObjectMapping: 0.066066 ms MarkObjects: 3.218543 ms  DeleteObjects: 0.040163 ms)

AssetImportParameters requested are different than current active one (requested -> active):
  custom:video-decoder-ogg-theora: a1e56fd34408186e4bbccfd4996cb3dc -> 
  custom:container-muxer-webm: aa71ff27fc2769a1b78a27578f13a17b -> 
  custom:container-demuxer-webm: 4f35f7cbe854078d1ac9338744f61a02 -> 
  custom:container-demuxer-ogg: 62fdf1f143b41e24485cea50d1cbac27 -> 
  custom:video-encoder-webm-vp8: eb34c28f22e8b96e1ab97ce403110664 -> 
  custom:framework-osx-AVFoundation: e770b220cccbd017edd2c1fefb359320 -> 
  custom:video-decoder-webm-vp8: 9c59270c3fd7afecdb556c50c9e8de78 -> 
  custom:graphics/normal-map-encoding: 01000000000000000000000000000000 -> 02000000000000000000000000000000
  custom:audio-decoder-ogg-vorbis: bf7c407c2cedff20999df2af8eb42d56 -> 
  custom:audio-encoder-webm-vorbis: bf7c407c2cedff20999df2af8eb42d56 -> 
========================================================================
Received Prepare
Refreshing native plugins compatible for Editor in 2.23 ms, found 2 plugins.
Preloading 0 native plugins for Editor in 0.00 ms.
Unloading 11 Unused Serialized files (Serialized files now loaded: 0)
System memory in use before: 182.5 MB.
System memory in use after: 182.6 MB.

Unloading 10 unused Assets to reduce memory usage. Loaded Objects now: 2375.
Total: 3.723322 ms (FindLiveObjects: 0.302177 ms CreateObjectMapping: 0.063474 ms MarkObjects: 3.322000 ms  DeleteObjects: 0.035020 ms)

AssetImportParameters requested are different than current active one (requested -> active):
  custom:video-decoder-ogg-theora: a1e56fd34408186e4bbccfd4996cb3dc -> 
  custom:container-muxer-webm: aa71ff27fc2769a1b78a27578f13a17b -> 
  custom:container-demuxer-webm: 4f35f7cbe854078d1ac9338744f61a02 -> 
  custom:container-demuxer-ogg: 62fdf1f143b41e24485cea50d1cbac27 -> 
  custom:video-encoder-webm-vp8: eb34c28f22e8b96e1ab97ce403110664 -> 
  custom:framework-osx-AVFoundation: e770b220cccbd017edd2c1fefb359320 -> 
  custom:video-decoder-webm-vp8: 9c59270c3fd7afecdb556c50c9e8de78 -> 
  custom:audio-decoder-ogg-vorbis: bf7c407c2cedff20999df2af8eb42d56 -> 
  custom:audio-encoder-webm-vorbis: bf7c407c2cedff20999df2af8eb42d56 -> 
========================================================================
Received Import Request.
  Time since last request: 4471.391538 seconds.
  path: Assets/Scripts/TapToPlace2.cs
  artifactKey: Guid(63453ffa5a0a14fc8acdd57d3c2f4450) Importer(815301076,1909f56bfc062723c751e8b465ee728b)
Start importing Assets/Scripts/TapToPlace2.cs using Guid(63453ffa5a0a14fc8acdd57d3c2f4450) Importer(815301076,1909f56bfc062723c751e8b465ee728b)  -> (artifact id: 'c8095034f684c3218d096513095763be') in 0.016348 seconds 
  Import took 0.028085 seconds .

========================================================================
Received Prepare
Registering precompiled user dll's ...
Registered in 0.002822 seconds.
Begin MonoManager ReloadAssembly
Native extension for WindowsStandalone target not found
Native extension for OSXStandalone target not found
Native extension for WebGL target not found
Refreshing native plugins compatible for Editor in 0.46 ms, found 2 plugins.
Preloading 0 native plugins for Editor in 0.00 ms.
Mono: successfully reloaded assembly
- Completed reload, in  1.521 seconds
Domain Reload Profiling:
	ReloadAssembly (1529ms)
		BeginReloadAssembly (180ms)
			ExecutionOrderSort (0ms)
			DisableScriptedObjects (6ms)
			BackupInstance (0ms)
			ReleaseScriptingObjects (0ms)
			CreateAndSetChildDomain (100ms)
		EndReloadAssembly (1263ms)
			LoadAssemblies (105ms)
			RebuildTransferFunctionScriptingTraits (0ms)
			SetupTypeCache (427ms)
			ReleaseScriptCaches (1ms)
			RebuildScriptCaches (69ms)
			SetupLoadedEditorAssemblies (478ms)
				LogAssemblyErrors (0ms)
				InitializePlatformSupportModulesInManaged (8ms)
				SetLoadedEditorAssemblies (1ms)
				RefreshPlugins (1ms)
				BeforeProcessingInitializeOnLoad (167ms)
				ProcessInitializeOnLoadAttributes (295ms)
				ProcessInitializeOnLoadMethodAttributes (5ms)
				AfterProcessingInitializeOnLoad (2ms)
				EditorAssembliesLoaded (0ms)
			ExecutionOrderSort2 (0ms)
			AwakeInstancesAfterBackupRestoration (12ms)
Platform modules already initialized, skipping
Switching build target platform(2) subTarget(0) extendedPlatform(0) -> platform(9) subTarget(16777218) extendedPlatform(0)
Refreshing native plugins compatible for Editor in 0.46 ms, found 2 plugins.
Preloading 0 native plugins for Editor in 0.00 ms.
Unloading 1822 Unused Serialized files (Serialized files now loaded: 0)
System memory in use before: 218.7 MB.
System memory in use after: 218.8 MB.

Unloading 13 unused Assets to reduce memory usage. Loaded Objects now: 2379.
Total: 3.360325 ms (FindLiveObjects: 0.196481 ms CreateObjectMapping: 0.065343 ms MarkObjects: 3.052168 ms  DeleteObjects: 0.045523 ms)

AssetImportParameters requested are different than current active one (requested -> active):
  custom:video-decoder-ogg-theora: a1e56fd34408186e4bbccfd4996cb3dc -> 
  custom:container-muxer-webm: aa71ff27fc2769a1b78a27578f13a17b -> 
  custom:container-demuxer-webm: 4f35f7cbe854078d1ac9338744f61a02 -> 
  custom:container-demuxer-ogg: 62fdf1f143b41e24485cea50d1cbac27 -> 
  custom:video-encoder-webm-vp8: eb34c28f22e8b96e1ab97ce403110664 -> 
  custom:framework-osx-AVFoundation: e770b220cccbd017edd2c1fefb359320 -> 
  custom:video-decoder-webm-vp8: 9c59270c3fd7afecdb556c50c9e8de78 -> 
  custom:graphics/normal-map-encoding: 01000000000000000000000000000000 -> 02000000000000000000000000000000
  custom:audio-decoder-ogg-vorbis: bf7c407c2cedff20999df2af8eb42d56 -> 
  custom:audio-encoder-webm-vorbis: bf7c407c2cedff20999df2af8eb42d56 -> 
========================================================================
Received Import Request.
  Time since last request: 56.150300 seconds.
  path: Assets/Scripts/Spawn.cs
  artifactKey: Guid(9b0dc28fd48434f8a964fde3e5e57665) Importer(815301076,1909f56bfc062723c751e8b465ee728b)
Start importing Assets/Scripts/Spawn.cs using Guid(9b0dc28fd48434f8a964fde3e5e57665) Importer(815301076,1909f56bfc062723c751e8b465ee728b)  -> (artifact id: '6f4eb5c9a37d373154d0ac8663b1967a') in 0.005931 seconds 
  Import took 0.011357 seconds .

========================================================================
Received Prepare
Registering precompiled user dll's ...
Registered in 0.016675 seconds.
Begin MonoManager ReloadAssembly
Native extension for WindowsStandalone target not found
Native extension for OSXStandalone target not found
Native extension for WebGL target not found
Refreshing native plugins compatible for Editor in 0.46 ms, found 2 plugins.
Preloading 0 native plugins for Editor in 0.00 ms.
Mono: successfully reloaded assembly
- Completed reload, in  1.559 seconds
Domain Reload Profiling:
	ReloadAssembly (1560ms)
		BeginReloadAssembly (223ms)
			ExecutionOrderSort (0ms)
			DisableScriptedObjects (11ms)
			BackupInstance (0ms)
			ReleaseScriptingObjects (0ms)
			CreateAndSetChildDomain (134ms)
		EndReloadAssembly (1249ms)
			LoadAssemblies (102ms)
			RebuildTransferFunctionScriptingTraits (0ms)
			SetupTypeCache (441ms)
			ReleaseScriptCaches (1ms)
			RebuildScriptCaches (77ms)
			SetupLoadedEditorAssemblies (444ms)
				LogAssemblyErrors (0ms)
				InitializePlatformSupportModulesInManaged (8ms)
				SetLoadedEditorAssemblies (1ms)
				RefreshPlugins (0ms)
				BeforeProcessingInitializeOnLoad (160ms)
				ProcessInitializeOnLoadAttributes (269ms)
				ProcessInitializeOnLoadMethodAttributes (4ms)
				AfterProcessingInitializeOnLoad (2ms)
				EditorAssembliesLoaded (0ms)
			ExecutionOrderSort2 (0ms)
			AwakeInstancesAfterBackupRestoration (12ms)
Platform modules already initialized, skipping
Switching build target platform(2) subTarget(0) extendedPlatform(0) -> platform(9) subTarget(16777218) extendedPlatform(0)
Refreshing native plugins compatible for Editor in 0.49 ms, found 2 plugins.
Preloading 0 native plugins for Editor in 0.00 ms.
Unloading 1822 Unused Serialized files (Serialized files now loaded: 0)
System memory in use before: 218.9 MB.
System memory in use after: 219.0 MB.

Unloading 13 unused Assets to reduce memory usage. Loaded Objects now: 2382.
Total: 3.904593 ms (FindLiveObjects: 0.279504 ms CreateObjectMapping: 0.072329 ms MarkObjects: 3.504652 ms  DeleteObjects: 0.047064 ms)

AssetImportParameters requested are different than current active one (requested -> active):
  custom:video-decoder-ogg-theora: a1e56fd34408186e4bbccfd4996cb3dc -> 
  custom:container-muxer-webm: aa71ff27fc2769a1b78a27578f13a17b -> 
  custom:container-demuxer-webm: 4f35f7cbe854078d1ac9338744f61a02 -> 
  custom:container-demuxer-ogg: 62fdf1f143b41e24485cea50d1cbac27 -> 
  custom:video-encoder-webm-vp8: eb34c28f22e8b96e1ab97ce403110664 -> 
  custom:framework-osx-AVFoundation: e770b220cccbd017edd2c1fefb359320 -> 
  custom:video-decoder-webm-vp8: 9c59270c3fd7afecdb556c50c9e8de78 -> 
  custom:graphics/normal-map-encoding: 01000000000000000000000000000000 -> 02000000000000000000000000000000
  custom:audio-decoder-ogg-vorbis: bf7c407c2cedff20999df2af8eb42d56 -> 
  custom:audio-encoder-webm-vorbis: bf7c407c2cedff20999df2af8eb42d56 -> 
========================================================================
Received Prepare
Refreshing native plugins compatible for Editor in 3.90 ms, found 2 plugins.
Preloading 0 native plugins for Editor in 0.00 ms.
Unloading 11 Unused Serialized files (Serialized files now loaded: 0)
System memory in use before: 183.0 MB.
System memory in use after: 183.1 MB.

Unloading 10 unused Assets to reduce memory usage. Loaded Objects now: 2382.
Total: 3.873777 ms (FindLiveObjects: 0.296423 ms CreateObjectMapping: 0.065138 ms MarkObjects: 3.474874 ms  DeleteObjects: 0.036615 ms)

AssetImportParameters requested are different than current active one (requested -> active):
  custom:video-decoder-ogg-theora: a1e56fd34408186e4bbccfd4996cb3dc -> 
  custom:container-muxer-webm: aa71ff27fc2769a1b78a27578f13a17b -> 
  custom:container-demuxer-webm: 4f35f7cbe854078d1ac9338744f61a02 -> 
  custom:container-demuxer-ogg: 62fdf1f143b41e24485cea50d1cbac27 -> 
  custom:video-encoder-webm-vp8: eb34c28f22e8b96e1ab97ce403110664 -> 
  custom:framework-osx-AVFoundation: e770b220cccbd017edd2c1fefb359320 -> 
  custom:video-decoder-webm-vp8: 9c59270c3fd7afecdb556c50c9e8de78 -> 
  custom:audio-decoder-ogg-vorbis: bf7c407c2cedff20999df2af8eb42d56 -> 
  custom:audio-encoder-webm-vorbis: bf7c407c2cedff20999df2af8eb42d56 -> 
========================================================================
Received Prepare
Registering precompiled user dll's ...
Registered in 0.001275 seconds.
Begin MonoManager ReloadAssembly
Native extension for WindowsStandalone target not found
Native extension for OSXStandalone target not found
Native extension for WebGL target not found
Refreshing native plugins compatible for Editor in 0.50 ms, found 2 plugins.
Preloading 0 native plugins for Editor in 0.00 ms.
Mono: successfully reloaded assembly
- Completed reload, in  1.467 seconds
Domain Reload Profiling:
	ReloadAssembly (1467ms)
		BeginReloadAssembly (170ms)
			ExecutionOrderSort (0ms)
			DisableScriptedObjects (6ms)
			BackupInstance (0ms)
			ReleaseScriptingObjects (0ms)
			CreateAndSetChildDomain (97ms)
		EndReloadAssembly (1211ms)
			LoadAssemblies (90ms)
			RebuildTransferFunctionScriptingTraits (0ms)
			SetupTypeCache (438ms)
			ReleaseScriptCaches (1ms)
			RebuildScriptCaches (71ms)
			SetupLoadedEditorAssemblies (439ms)
				LogAssemblyErrors (0ms)
				InitializePlatformSupportModulesInManaged (7ms)
				SetLoadedEditorAssemblies (1ms)
				RefreshPlugins (1ms)
				BeforeProcessingInitializeOnLoad (156ms)
				ProcessInitializeOnLoadAttributes (268ms)
				ProcessInitializeOnLoadMethodAttributes (4ms)
				AfterProcessingInitializeOnLoad (2ms)
				EditorAssembliesLoaded (0ms)
			ExecutionOrderSort2 (0ms)
			AwakeInstancesAfterBackupRestoration (12ms)
Platform modules already initialized, skipping
Switching build target platform(2) subTarget(0) extendedPlatform(0) -> platform(9) subTarget(16777218) extendedPlatform(0)
Refreshing native plugins compatible for Editor in 0.44 ms, found 2 plugins.
Preloading 0 native plugins for Editor in 0.00 ms.
Unloading 1822 Unused Serialized files (Serialized files now loaded: 0)
System memory in use before: 219.2 MB.
System memory in use after: 219.3 MB.

Unloading 13 unused Assets to reduce memory usage. Loaded Objects now: 2385.
Total: 3.832086 ms (FindLiveObjects: 0.275708 ms CreateObjectMapping: 0.064833 ms MarkObjects: 3.453151 ms  DeleteObjects: 0.037502 ms)

AssetImportParameters requested are different than current active one (requested -> active):
  custom:video-decoder-ogg-theora: a1e56fd34408186e4bbccfd4996cb3dc -> 
  custom:container-muxer-webm: aa71ff27fc2769a1b78a27578f13a17b -> 
  custom:container-demuxer-webm: 4f35f7cbe854078d1ac9338744f61a02 -> 
  custom:container-demuxer-ogg: 62fdf1f143b41e24485cea50d1cbac27 -> 
  custom:video-encoder-webm-vp8: eb34c28f22e8b96e1ab97ce403110664 -> 
  custom:framework-osx-AVFoundation: e770b220cccbd017edd2c1fefb359320 -> 
  custom:video-decoder-webm-vp8: 9c59270c3fd7afecdb556c50c9e8de78 -> 
  custom:graphics/normal-map-encoding: 01000000000000000000000000000000 -> 02000000000000000000000000000000
  custom:audio-decoder-ogg-vorbis: bf7c407c2cedff20999df2af8eb42d56 -> 
  custom:audio-encoder-webm-vorbis: bf7c407c2cedff20999df2af8eb42d56 -> 
========================================================================
Received Prepare
Refreshing native plugins compatible for Editor in 2.40 ms, found 2 plugins.
Preloading 0 native plugins for Editor in 0.00 ms.
Unloading 11 Unused Serialized files (Serialized files now loaded: 0)
System memory in use before: 183.2 MB.
System memory in use after: 183.3 MB.

Unloading 10 unused Assets to reduce memory usage. Loaded Objects now: 2385.
Total: 3.629147 ms (FindLiveObjects: 0.225332 ms CreateObjectMapping: 0.092719 ms MarkObjects: 3.272190 ms  DeleteObjects: 0.037620 ms)

AssetImportParameters requested are different than current active one (requested -> active):
  custom:video-decoder-ogg-theora: a1e56fd34408186e4bbccfd4996cb3dc -> 
  custom:container-muxer-webm: aa71ff27fc2769a1b78a27578f13a17b -> 
  custom:container-demuxer-webm: 4f35f7cbe854078d1ac9338744f61a02 -> 
  custom:container-demuxer-ogg: 62fdf1f143b41e24485cea50d1cbac27 -> 
  custom:video-encoder-webm-vp8: eb34c28f22e8b96e1ab97ce403110664 -> 
  custom:framework-osx-AVFoundation: e770b220cccbd017edd2c1fefb359320 -> 
  custom:video-decoder-webm-vp8: 9c59270c3fd7afecdb556c50c9e8de78 -> 
  custom:audio-decoder-ogg-vorbis: bf7c407c2cedff20999df2af8eb42d56 -> 
  custom:audio-encoder-webm-vorbis: bf7c407c2cedff20999df2af8eb42d56 -> 
========================================================================
Received Prepare
Registering precompiled user dll's ...
Registered in 0.001476 seconds.
Begin MonoManager ReloadAssembly
Native extension for WindowsStandalone target not found
Native extension for OSXStandalone target not found
Native extension for WebGL target not found
Refreshing native plugins compatible for Editor in 0.63 ms, found 2 plugins.
Preloading 0 native plugins for Editor in 0.00 ms.
Mono: successfully reloaded assembly
- Completed reload, in  1.460 seconds
Domain Reload Profiling:
	ReloadAssembly (1461ms)
		BeginReloadAssembly (155ms)
			ExecutionOrderSort (0ms)
			DisableScriptedObjects (6ms)
			BackupInstance (0ms)
			ReleaseScriptingObjects (0ms)
			CreateAndSetChildDomain (82ms)
		EndReloadAssembly (1221ms)
			LoadAssemblies (88ms)
			RebuildTransferFunctionScriptingTraits (0ms)
			SetupTypeCache (420ms)
			ReleaseScriptCaches (1ms)
			RebuildScriptCaches (74ms)
			SetupLoadedEditorAssemblies (450ms)
				LogAssemblyErrors (0ms)
				InitializePlatformSupportModulesInManaged (8ms)
				SetLoadedEditorAssemblies (1ms)
				RefreshPlugins (1ms)
				BeforeProcessingInitializeOnLoad (171ms)
				ProcessInitializeOnLoadAttributes (264ms)
				ProcessInitializeOnLoadMethodAttributes (5ms)
				AfterProcessingInitializeOnLoad (2ms)
				EditorAssembliesLoaded (0ms)
			ExecutionOrderSort2 (0ms)
			AwakeInstancesAfterBackupRestoration (12ms)
Platform modules already initialized, skipping
Switching build target platform(2) subTarget(0) extendedPlatform(0) -> platform(9) subTarget(16777218) extendedPlatform(0)
Refreshing native plugins compatible for Editor in 0.49 ms, found 2 plugins.
Preloading 0 native plugins for Editor in 0.00 ms.
Unloading 1822 Unused Serialized files (Serialized files now loaded: 0)
System memory in use before: 219.4 MB.
System memory in use after: 219.5 MB.

Unloading 13 unused Assets to reduce memory usage. Loaded Objects now: 2388.
Total: 3.674265 ms (FindLiveObjects: 0.382732 ms CreateObjectMapping: 0.082959 ms MarkObjects: 3.167832 ms  DeleteObjects: 0.039565 ms)

AssetImportParameters requested are different than current active one (requested -> active):
  custom:video-decoder-ogg-theora: a1e56fd34408186e4bbccfd4996cb3dc -> 
  custom:container-muxer-webm: aa71ff27fc2769a1b78a27578f13a17b -> 
  custom:container-demuxer-webm: 4f35f7cbe854078d1ac9338744f61a02 -> 
  custom:container-demuxer-ogg: 62fdf1f143b41e24485cea50d1cbac27 -> 
  custom:video-encoder-webm-vp8: eb34c28f22e8b96e1ab97ce403110664 -> 
  custom:framework-osx-AVFoundation: e770b220cccbd017edd2c1fefb359320 -> 
  custom:video-decoder-webm-vp8: 9c59270c3fd7afecdb556c50c9e8de78 -> 
  custom:graphics/normal-map-encoding: 01000000000000000000000000000000 -> 02000000000000000000000000000000
  custom:audio-decoder-ogg-vorbis: bf7c407c2cedff20999df2af8eb42d56 -> 
  custom:audio-encoder-webm-vorbis: bf7c407c2cedff20999df2af8eb42d56 -> 
========================================================================
Received Prepare
Registering precompiled user dll's ...
Registered in 0.001351 seconds.
Begin MonoManager ReloadAssembly
Native extension for WindowsStandalone target not found
Native extension for OSXStandalone target not found
Native extension for WebGL target not found
Refreshing native plugins compatible for Editor in 0.45 ms, found 2 plugins.
Preloading 0 native plugins for Editor in 0.00 ms.
Mono: successfully reloaded assembly
- Completed reload, in  1.486 seconds
Domain Reload Profiling:
	ReloadAssembly (1487ms)
		BeginReloadAssembly (173ms)
			ExecutionOrderSort (0ms)
			DisableScriptedObjects (6ms)
			BackupInstance (0ms)
			ReleaseScriptingObjects (0ms)
			CreateAndSetChildDomain (98ms)
		EndReloadAssembly (1224ms)
			LoadAssemblies (115ms)
			RebuildTransferFunctionScriptingTraits (0ms)
			SetupTypeCache (408ms)
			ReleaseScriptCaches (1ms)
			RebuildScriptCaches (69ms)
			SetupLoadedEditorAssemblies (454ms)
				LogAssemblyErrors (0ms)
				InitializePlatformSupportModulesInManaged (7ms)
				SetLoadedEditorAssemblies (1ms)
				RefreshPlugins (0ms)
				BeforeProcessingInitializeOnLoad (170ms)
				ProcessInitializeOnLoadAttributes (270ms)
				ProcessInitializeOnLoadMethodAttributes (4ms)
				AfterProcessingInitializeOnLoad (2ms)
				EditorAssembliesLoaded (0ms)
			ExecutionOrderSort2 (0ms)
			AwakeInstancesAfterBackupRestoration (13ms)
Platform modules already initialized, skipping
Switching build target platform(2) subTarget(0) extendedPlatform(0) -> platform(9) subTarget(16777218) extendedPlatform(0)
Refreshing native plugins compatible for Editor in 0.48 ms, found 2 plugins.
Preloading 0 native plugins for Editor in 0.00 ms.
Unloading 1822 Unused Serialized files (Serialized files now loaded: 0)
System memory in use before: 219.5 MB.
System memory in use after: 219.7 MB.

Unloading 13 unused Assets to reduce memory usage. Loaded Objects now: 2391.
Total: 3.851506 ms (FindLiveObjects: 0.217241 ms CreateObjectMapping: 0.062058 ms MarkObjects: 3.532209 ms  DeleteObjects: 0.038903 ms)

AssetImportParameters requested are different than current active one (requested -> active):
  custom:video-decoder-ogg-theora: a1e56fd34408186e4bbccfd4996cb3dc -> 
  custom:container-muxer-webm: aa71ff27fc2769a1b78a27578f13a17b -> 
  custom:container-demuxer-webm: 4f35f7cbe854078d1ac9338744f61a02 -> 
  custom:container-demuxer-ogg: 62fdf1f143b41e24485cea50d1cbac27 -> 
  custom:video-encoder-webm-vp8: eb34c28f22e8b96e1ab97ce403110664 -> 
  custom:framework-osx-AVFoundation: e770b220cccbd017edd2c1fefb359320 -> 
  custom:video-decoder-webm-vp8: 9c59270c3fd7afecdb556c50c9e8de78 -> 
  custom:graphics/normal-map-encoding: 01000000000000000000000000000000 -> 02000000000000000000000000000000
  custom:audio-decoder-ogg-vorbis: bf7c407c2cedff20999df2af8eb42d56 -> 
  custom:audio-encoder-webm-vorbis: bf7c407c2cedff20999df2af8eb42d56 -> 
========================================================================
Received Prepare
Refreshing native plugins compatible for Editor in 7.25 ms, found 2 plugins.
Preloading 0 native plugins for Editor in 0.00 ms.
Unloading 11 Unused Serialized files (Serialized files now loaded: 0)
System memory in use before: 183.6 MB.
System memory in use after: 183.7 MB.

Unloading 10 unused Assets to reduce memory usage. Loaded Objects now: 2391.
Total: 4.096590 ms (FindLiveObjects: 0.217054 ms CreateObjectMapping: 0.065433 ms MarkObjects: 3.760076 ms  DeleteObjects: 0.053240 ms)

AssetImportParameters requested are different than current active one (requested -> active):
  custom:video-decoder-ogg-theora: a1e56fd34408186e4bbccfd4996cb3dc -> 
  custom:container-muxer-webm: aa71ff27fc2769a1b78a27578f13a17b -> 
  custom:container-demuxer-webm: 4f35f7cbe854078d1ac9338744f61a02 -> 
  custom:container-demuxer-ogg: 62fdf1f143b41e24485cea50d1cbac27 -> 
  custom:video-encoder-webm-vp8: eb34c28f22e8b96e1ab97ce403110664 -> 
  custom:framework-osx-AVFoundation: e770b220cccbd017edd2c1fefb359320 -> 
  custom:video-decoder-webm-vp8: 9c59270c3fd7afecdb556c50c9e8de78 -> 
  custom:audio-decoder-ogg-vorbis: bf7c407c2cedff20999df2af8eb42d56 -> 
  custom:audio-encoder-webm-vorbis: bf7c407c2cedff20999df2af8eb42d56 -> 
========================================================================
Received Prepare
Refreshing native plugins compatible for Editor in 4.07 ms, found 2 plugins.
Preloading 0 native plugins for Editor in 0.00 ms.
Unloading 11 Unused Serialized files (Serialized files now loaded: 0)
System memory in use before: 183.6 MB.
System memory in use after: 183.7 MB.

Unloading 10 unused Assets to reduce memory usage. Loaded Objects now: 2391.
Total: 4.437462 ms (FindLiveObjects: 0.303843 ms CreateObjectMapping: 0.064973 ms MarkObjects: 4.015278 ms  DeleteObjects: 0.052434 ms)

AssetImportParameters requested are different than current active one (requested -> active):
  custom:video-decoder-ogg-theora: a1e56fd34408186e4bbccfd4996cb3dc -> 
  custom:container-muxer-webm: aa71ff27fc2769a1b78a27578f13a17b -> 
  custom:container-demuxer-webm: 4f35f7cbe854078d1ac9338744f61a02 -> 
  custom:container-demuxer-ogg: 62fdf1f143b41e24485cea50d1cbac27 -> 
  custom:video-encoder-webm-vp8: eb34c28f22e8b96e1ab97ce403110664 -> 
  custom:framework-osx-AVFoundation: e770b220cccbd017edd2c1fefb359320 -> 
  custom:video-decoder-webm-vp8: 9c59270c3fd7afecdb556c50c9e8de78 -> 
  custom:audio-decoder-ogg-vorbis: bf7c407c2cedff20999df2af8eb42d56 -> 
  custom:audio-encoder-webm-vorbis: bf7c407c2cedff20999df2af8eb42d56 -> 
